curtin: Installation started. (21.3-13-g15ecdeab1)
start: cmd-install/stage-partitioning/builtin/cmd-block-meta: curtin command block-meta
get_path_to_storage_volume for volume disk-vda({'ptable': 'msdos', 'path': '/dev/vda', 'wipe': 'superblock-recursive', 'preserve': False, 'name': '', 'grub_device': True, 'type': 'disk', 'id': 'disk-vda'})
Running command ['udevadm', 'info', '--query=property', '--export', '/dev/vda'] with allowed return codes [0] (capture=True)
/dev/vda is multipath device member? False
Running command ['partprobe', '/dev/vda'] with allowed return codes [0, 1] (capture=False)
Running command ['udevadm', 'settle'] with allowed return codes [0] (capture=False)
TIMED udevadm_settle(): 0.015
devsync happy - path /dev/vda now exists
return volume path /dev/vda
get_path_to_storage_volume for volume partition-0({'device': 'disk-vda', 'size': 8386510848, 'wipe': 'superblock', 'flag': 'boot', 'number': 1, 'preserve': False, 'grub_device': False, 'type': 'partition', 'id': 'partition-0'})
get_path_to_storage_volume for volume disk-vda({'ptable': 'msdos', 'path': '/dev/vda', 'wipe': 'superblock-recursive', 'preserve': False, 'name': '', 'grub_device': True, 'type': 'disk', 'id': 'disk-vda'})
Running command ['udevadm', 'info', '--query=property', '--export', '/dev/vda'] with allowed return codes [0] (capture=True)
/dev/vda is multipath device member? False
Running command ['partprobe', '/dev/vda'] with allowed return codes [0, 1] (capture=False)
Running command ['udevadm', 'settle'] with allowed return codes [0] (capture=False)
TIMED udevadm_settle(): 0.024
devsync happy - path /dev/vda now exists
return volume path /dev/vda
block-meta: extracted devices to clear: ['/dev/vda']
Declared block devices: ['/dev/vda']
clearing devices=['/dev/vda']
start: cmd-install/stage-partitioning/builtin/cmd-block-meta/clear-holders: removing previous storage devices
Running command ['mdadm', '--assemble', '--scan', '-v'] with allowed return codes [0, 1, 2] (capture=True)
mdadm assemble scan results:

mdadm: looking for devices for further assembly
mdadm: no recogniseable superblock on /dev/loop8
mdadm: cannot open device /dev/fd0: No such device or address
mdadm: no recogniseable superblock on /dev/vda
mdadm: cannot open device /dev/sr1: No medium found
mdadm: no recogniseable superblock on /dev/sr0
mdadm: no recogniseable superblock on /dev/loop7
mdadm: no recogniseable superblock on /dev/loop6
mdadm: no recogniseable superblock on /dev/loop5
mdadm: no recogniseable superblock on /dev/loop4
mdadm: no recogniseable superblock on /dev/loop3
mdadm: no recogniseable superblock on /dev/loop2
mdadm: no recogniseable superblock on /dev/loop1
mdadm: no recogniseable superblock on /dev/loop0
mdadm: No arrays found in config file or automatically

Running command ['mdadm', '--detail', '--scan', '-v'] with allowed return codes [0, 1] (capture=True)
mdadm detail scan after assemble:


Running command ['udevadm', 'settle'] with allowed return codes [0] (capture=False)
TIMED udevadm_settle(): 0.016
Detected multipath support, reload maps
Running command ['multipath', '-r'] with allowed return codes [0] (capture=False)
Verifying /dev/mapper/mpath* files are symlinks
Running command ['dmsetup', 'ls', '-o', 'blkdevname'] with allowed return codes [0] (capture=True)
Running command ['pvscan', '--config', 'devices{ filter = [ "a|/dev/mapper/mpath.*|", "a|/dev/mapper/dm_crypt-.*|", "r|.*|" ] }'] with allowed return codes [0] (capture=True)
Running command ['vgscan', '--config', 'devices{ filter = [ "a|/dev/mapper/mpath.*|", "a|/dev/mapper/dm_crypt-.*|", "r|.*|" ] }'] with allowed return codes [0] (capture=True)
Running command ['vgchange', '--activate=y', '--config', 'devices{ filter = [ "a|/dev/mapper/mpath.*|", "a|/dev/mapper/dm_crypt-.*|", "r|.*|" ] }'] with allowed return codes [0] (capture=True)
Running command ['udevadm', 'settle'] with allowed return codes [0] (capture=False)
TIMED udevadm_settle(): 0.019
Loading kernel module bcache via modprobe
Running command ['modprobe', '--use-blacklist', 'bcache'] with allowed return codes [0] (capture=False)
Loading kernel module zfs via modprobe
Running command ['modprobe', '--use-blacklist', 'zfs'] with allowed return codes [0] (capture=False)
zfs filesystem is not supported in this environment
Generating device storage trees for path(s): ['/dev/vda']
devname '/sys/class/block/vda' had holders: []
/dev/vda is multipath device partition? False
/dev/vda is multipath device partition? False
/dev/vda is multipath device partition? False
Current device storage tree:
vda
Shutdown Plan:
{'level': 0, 'device': '/sys/class/block/vda', 'dev_type': 'disk'}
shutdown running on holder type: 'disk' syspath: '/sys/class/block/vda'
Running command ['lsblk', '--noheadings', '--bytes', '--pairs', '--output=ALIGNMENT,DISC-ALN,DISC-GRAN,DISC-MAX,DISC-ZERO,FSTYPE,GROUP,KNAME,LABEL,LOG-SEC,MAJ:MIN,MIN-IO,MODE,MODEL,MOUNTPOINT,NAME,OPT-IO,OWNER,PHY-SEC,RM,RO,ROTA,RQ-SIZE,SIZE,STATE,TYPE,UUID', '/dev/vda'] with allowed return codes [0] (capture=True)
get_blockdev_sector_size: info:
{
 "vda": {
  "ALIGNMENT": "0",
  "DISC-ALN": "512",
  "DISC-GRAN": "512",
  "DISC-MAX": "2147483136",
  "DISC-ZERO": "0",
  "FSTYPE": "",
  "GROUP": "disk",
  "KNAME": "vda",
  "LABEL": "",
  "LOG-SEC": "512",
  "MAJ:MIN": "252:0",
  "MIN-IO": "512",
  "MODE": "brw-rw----",
  "MODEL": "",
  "MOUNTPOINT": "",
  "NAME": "vda",
  "OPT-IO": "0",
  "OWNER": "root",
  "PHY-SEC": "512",
  "RM": "0",
  "RO": "0",
  "ROTA": "1",
  "RQ-SIZE": "256",
  "SIZE": "8388608000",
  "STATE": "",
  "TYPE": "disk",
  "UUID": "",
  "device_path": "/dev/vda"
 }
}
get_blockdev_sector_size: (log=512, phys=512)
Running command ['fdasd', '--table', '/dev/vda'] with allowed return codes [0] (capture=False)
Checking if /dev/vda is a swap device
Found swap magic: b'\x00\x00\x00\x00\x00\x00\x00\x00\x00\x00'
Running command ['udevadm', 'info', '--query=property', '--export', '/dev/vda'] with allowed return codes [0] (capture=True)
/dev/vda is multipath device? False
Running command ['udevadm', 'info', '--query=property', '--export', '/dev/vda'] with allowed return codes [0] (capture=True)
/dev/vda is multipath device member? False
wiping superblock on /dev/vda
wiping /dev/vda attempt 1/4
wiping 1M on /dev/vda at offsets [0, -1048576]
successfully wiped device /dev/vda on attempt 1/4
devname '/sys/class/block/vda' had holders: []
/dev/vda is multipath device partition? False
/dev/vda is multipath device partition? False
/dev/vda is multipath device partition? False
finish: cmd-install/stage-partitioning/builtin/cmd-block-meta/clear-holders: SUCCESS: removing previous storage devices
blockmeta: detected storage config, using mode=custom
start: cmd-install/stage-partitioning/builtin/cmd-block-meta: configuring disk: disk-vda
get_path_to_storage_volume for volume disk-vda({'ptable': 'msdos', 'path': '/dev/vda', 'wipe': 'superblock-recursive', 'preserve': False, 'name': '', 'grub_device': True, 'type': 'disk', 'id': 'disk-vda'})
Running command ['udevadm', 'info', '--query=property', '--export', '/dev/vda'] with allowed return codes [0] (capture=True)
/dev/vda is multipath device member? False
Running command ['partprobe', '/dev/vda'] with allowed return codes [0, 1] (capture=False)
Running command ['udevadm', 'settle'] with allowed return codes [0] (capture=False)
TIMED udevadm_settle(): 0.024
devsync happy - path /dev/vda now exists
return volume path /dev/vda
wiping 1M on /dev/vda at offsets [0, -1048576]
labeling device: '/dev/vda' with 'msdos' partition table
Running command ['parted', '/dev/vda', '--script', 'mklabel', 'msdos'] with allowed return codes [0] (capture=False)
devname '/dev/vda' had holders: []
finish: cmd-install/stage-partitioning/builtin/cmd-block-meta: SUCCESS: configuring disk: disk-vda
start: cmd-install/stage-partitioning/builtin/cmd-block-meta: configuring partition: partition-0
get_path_to_storage_volume for volume disk-vda({'ptable': 'msdos', 'path': '/dev/vda', 'wipe': 'superblock-recursive', 'preserve': False, 'name': '', 'grub_device': True, 'type': 'disk', 'id': 'disk-vda'})
Running command ['udevadm', 'info', '--query=property', '--export', '/dev/vda'] with allowed return codes [0] (capture=True)
/dev/vda is multipath device member? False
Running command ['partprobe', '/dev/vda'] with allowed return codes [0, 1] (capture=False)
Running command ['udevadm', 'settle'] with allowed return codes [0] (capture=False)
TIMED udevadm_settle(): 0.027
devsync happy - path /dev/vda now exists
return volume path /dev/vda
Running command ['lsblk', '--noheadings', '--bytes', '--pairs', '--output=ALIGNMENT,DISC-ALN,DISC-GRAN,DISC-MAX,DISC-ZERO,FSTYPE,GROUP,KNAME,LABEL,LOG-SEC,MAJ:MIN,MIN-IO,MODE,MODEL,MOUNTPOINT,NAME,OPT-IO,OWNER,PHY-SEC,RM,RO,ROTA,RQ-SIZE,SIZE,STATE,TYPE,UUID', '/dev/vda'] with allowed return codes [0] (capture=True)
get_blockdev_sector_size: info:
{
 "vda": {
  "ALIGNMENT": "0",
  "DISC-ALN": "512",
  "DISC-GRAN": "512",
  "DISC-MAX": "2147483136",
  "DISC-ZERO": "0",
  "FSTYPE": "",
  "GROUP": "disk",
  "KNAME": "vda",
  "LABEL": "",
  "LOG-SEC": "512",
  "MAJ:MIN": "252:0",
  "MIN-IO": "512",
  "MODE": "brw-rw----",
  "MODEL": "",
  "MOUNTPOINT": "",
  "NAME": "vda",
  "OPT-IO": "0",
  "OWNER": "root",
  "PHY-SEC": "512",
  "RM": "0",
  "RO": "0",
  "ROTA": "1",
  "RQ-SIZE": "256",
  "SIZE": "8388608000",
  "STATE": "",
  "TYPE": "disk",
  "UUID": "",
  "device_path": "/dev/vda"
 }
}
get_blockdev_sector_size: (log=512, phys=512)
vda logical_block_size_bytes: 512
adding partition 'partition-0' to disk 'disk-vda' (ptable: 'msdos')
partnum: 1 offset_sectors: 2048 length_sectors: 16379903
Preparing partition location on disk /dev/vda
Wiping 1M on /dev/vda at offset 1048576
Running command ['parted', '/dev/vda', '--script', 'mkpart', 'primary', '2048s', '16381951s', 'set', '1', 'boot', 'on'] with allowed return codes [0] (capture=True)
Running command ['udevadm', 'info', '--query=property', '--export', '/dev/vda'] with allowed return codes [0] (capture=True)
/dev/vda is multipath device? False
Running command ['blockdev', '--rereadpt', '/dev/vda'] with allowed return codes [0] (capture=True)
Running command ['udevadm', 'settle'] with allowed return codes [0] (capture=False)
TIMED udevadm_settle(): 0.096
TIMED udevadm_settle(exists='/dev/vda1'): 0.000
finish: cmd-install/stage-partitioning/builtin/cmd-block-meta: SUCCESS: configuring partition: partition-0
start: cmd-install/stage-partitioning/builtin/cmd-block-meta: configuring format: format-0
get_path_to_storage_volume for volume partition-0({'device': 'disk-vda', 'size': 8386510848, 'wipe': 'superblock', 'flag': 'boot', 'number': 1, 'preserve': False, 'grub_device': False, 'type': 'partition', 'id': 'partition-0'})
get_path_to_storage_volume for volume disk-vda({'ptable': 'msdos', 'path': '/dev/vda', 'wipe': 'superblock-recursive', 'preserve': False, 'name': '', 'grub_device': True, 'type': 'disk', 'id': 'disk-vda'})
Running command ['udevadm', 'info', '--query=property', '--export', '/dev/vda'] with allowed return codes [0] (capture=True)
/dev/vda is multipath device member? False
Running command ['partprobe', '/dev/vda'] with allowed return codes [0, 1] (capture=False)
Running command ['udevadm', 'settle'] with allowed return codes [0] (capture=False)
TIMED udevadm_settle(): 0.083
devsync happy - path /dev/vda now exists
return volume path /dev/vda
Running command ['partprobe', '/dev/vda'] with allowed return codes [0, 1] (capture=False)
Running command ['udevadm', 'settle'] with allowed return codes [0] (capture=False)
TIMED udevadm_settle(): 0.057
devsync happy - path /dev/vda now exists
return volume path /dev/vda1
mkfs /dev/vda1 info: {'fstype': 'ext4', 'volume': 'partition-0', 'preserve': False, 'type': 'format', 'id': 'format-0'}
Running command ['lsblk', '--noheadings', '--bytes', '--pairs', '--output=ALIGNMENT,DISC-ALN,DISC-GRAN,DISC-MAX,DISC-ZERO,FSTYPE,GROUP,KNAME,LABEL,LOG-SEC,MAJ:MIN,MIN-IO,MODE,MODEL,MOUNTPOINT,NAME,OPT-IO,OWNER,PHY-SEC,RM,RO,ROTA,RQ-SIZE,SIZE,STATE,TYPE,UUID', '/dev/vda1'] with allowed return codes [0] (capture=True)
get_blockdev_sector_size: info:
{
 "vda1": {
  "ALIGNMENT": "0",
  "DISC-ALN": "0",
  "DISC-GRAN": "512",
  "DISC-MAX": "2147483136",
  "DISC-ZERO": "0",
  "FSTYPE": "",
  "GROUP": "disk",
  "KNAME": "vda1",
  "LABEL": "",
  "LOG-SEC": "512",
  "MAJ:MIN": "252:1",
  "MIN-IO": "512",
  "MODE": "brw-rw----",
  "MODEL": "",
  "MOUNTPOINT": "",
  "NAME": "vda1",
  "OPT-IO": "0",
  "OWNER": "root",
  "PHY-SEC": "512",
  "RM": "0",
  "RO": "0",
  "ROTA": "1",
  "RQ-SIZE": "256",
  "SIZE": "8386510848",
  "STATE": "",
  "TYPE": "part",
  "UUID": "",
  "device_path": "/dev/vda1"
 }
}
get_blockdev_sector_size: (log=512, phys=512)
Running command ['mkfs.ext4', '-F', '-U', '176ccbe8-961e-4b77-bbd0-40bee15e7fa5', '/dev/vda1'] with allowed return codes [0] (capture=True)
Formated device type: partition
finish: cmd-install/stage-partitioning/builtin/cmd-block-meta: SUCCESS: configuring format: format-0
start: cmd-install/stage-partitioning/builtin/cmd-block-meta: configuring mount: mount-0
get_path_to_storage_volume for volume partition-0({'device': 'disk-vda', 'size': 8386510848, 'wipe': 'superblock', 'flag': 'boot', 'number': 1, 'preserve': False, 'grub_device': False, 'type': 'partition', 'id': 'partition-0'})
get_path_to_storage_volume for volume disk-vda({'ptable': 'msdos', 'path': '/dev/vda', 'wipe': 'superblock-recursive', 'preserve': False, 'name': '', 'grub_device': True, 'type': 'disk', 'id': 'disk-vda'})
Running command ['udevadm', 'info', '--query=property', '--export', '/dev/vda'] with allowed return codes [0] (capture=True)
/dev/vda is multipath device member? False
Running command ['partprobe', '/dev/vda'] with allowed return codes [0, 1] (capture=False)
Running command ['udevadm', 'settle'] with allowed return codes [0] (capture=False)
TIMED udevadm_settle(): 0.063
devsync happy - path /dev/vda now exists
return volume path /dev/vda
Running command ['partprobe', '/dev/vda'] with allowed return codes [0, 1] (capture=False)
Running command ['udevadm', 'settle'] with allowed return codes [0] (capture=False)
TIMED udevadm_settle(): 0.051
devsync happy - path /dev/vda now exists
return volume path /dev/vda1
volume_path=/dev/vda1 found slaves: ['vda1']
kname_is_iscsi: no iscsi disk found for kname vda1
kname_is_iscsi: no iscsi disk found for kname vda1
Running command ['mount', '-t', 'ext4', '-o', 'defaults', '/dev/vda1', '/target/'] with allowed return codes [0] (capture=True)
Running command ['udevadm', 'info', '--query=property', '--export', '/dev/vda1'] with allowed return codes [0] (capture=True)
Running command ['lsblk', '--noheadings', '--bytes', '--pairs', '--output=ALIGNMENT,DISC-ALN,DISC-GRAN,DISC-MAX,DISC-ZERO,FSTYPE,GROUP,KNAME,LABEL,LOG-SEC,MAJ:MIN,MIN-IO,MODE,MODEL,MOUNTPOINT,NAME,OPT-IO,OWNER,PHY-SEC,RM,RO,ROTA,RQ-SIZE,SIZE,STATE,TYPE,UUID', '/dev/vda1'] with allowed return codes [0] (capture=True)
volspec: path=/dev/vda1 type=part
info[DEVLINKS] = ['/dev/disk/by-path/virtio-pci-0000:00:04.0-part1', '/dev/disk/by-uuid/176ccbe8-961e-4b77-bbd0-40bee15e7fa5', '/dev/disk/by-path/pci-0000:00:04.0-part1', '/dev/disk/by-partuuid/3d00755b-01']
finish: cmd-install/stage-partitioning/builtin/cmd-block-meta: SUCCESS: configuring mount: mount-0
TIMED BLOCK_META: 2.959
finish: cmd-install/stage-partitioning/builtin/cmd-block-meta: SUCCESS: curtin command block-meta
start: cmd-install/stage-extract/builtin/cmd-extract: curtin command extract
Installing sources: [{'type': 'tgz', 'uri': 'cp:///tmp/tmp60jcv6em/mount'}] to target at /target
start: cmd-install/stage-extract/builtin/cmd-extract: acquiring and extracting image from cp:///tmp/tmp60jcv6em/mount
Running command ['sh', '-c', 'mkdir -p "$2" && cd "$2" && rsync -aXHAS --one-file-system "$1/" .', '--', '/tmp/tmp60jcv6em/mount', '/target'] with allowed return codes [0] (capture=False)
finish: cmd-install/stage-extract/builtin/cmd-extract: SUCCESS: acquiring and extracting image from cp:///tmp/tmp60jcv6em/mount
Applying write_files from config.
finish: cmd-install/stage-extract/builtin/cmd-extract: SUCCESS: curtin command extract
start: cmd-install/stage-curthooks/builtin/cmd-curthooks: curtin command curthooks
Running curtin builtin curthooks
Configuring target system for distro: ubuntu osfamily: debian
start: cmd-install/stage-curthooks/builtin/cmd-curthooks/writing-apt-config: configuring apt configuring apt
Transferred {'subiquity': ''} into new format: {'debconf_selections': {'subiquity': ''}}
curthooks handling apt to target /target with config {'debconf_selections': {'subiquity': ''}}
Running command ['unshare', '--help'] with allowed return codes [0] (capture=True)
Running command ['unshare', '--fork', '--pid', '--', 'chroot', '/target', 'lsb_release', '--all'] with allowed return codes [0] (capture=True)
Running command ['unshare', '--fork', '--pid', '--', 'chroot', '/target', 'dpkg', '--print-architecture'] with allowed return codes [0] (capture=True)
got primary mirror: None
got security mirror: None
Apt Mirror info: {'PRIMARY': 'http://archive.ubuntu.com/ubuntu/', 'SECURITY': 'http://security.ubuntu.com/ubuntu/', 'MIRROR': 'http://archive.ubuntu.com/ubuntu/'}
Applying debconf selections
Running command ['unshare', '--fork', '--pid', '--', 'chroot', '/target', 'debconf-set-selections'] with allowed return codes [0] (capture=True)
Running command ['unshare', '--fork', '--pid', '--', 'chroot', '/target', 'dpkg-query', '--list'] with allowed return codes [0] (capture=True)
Running command ['mount', '--bind', '/dev', '/target/dev'] with allowed return codes [0] (capture=False)
Running command ['mount', '--bind', '/proc', '/target/proc'] with allowed return codes [0] (capture=False)
Running command ['mount', '--bind', '/run', '/target/run'] with allowed return codes [0] (capture=False)
Running command ['mount', '--bind', '/sys', '/target/sys'] with allowed return codes [0] (capture=False)
Diverting original update-initramfs in target.
Running command ['unshare', '--fork', '--pid', '--', 'chroot', '/target', 'dpkg-divert', '--add', '--rename', '--divert', '/usr/sbin/update-initramfs.curtin-disabled', '/usr/sbin/update-initramfs'] with allowed return codes [0] (capture=False)
Adding 'local diversion of /usr/sbin/update-initramfs to /usr/sbin/update-initramfs.curtin-disabled'
Running command ['udevadm', 'settle'] with allowed return codes [0] (capture=False)
TIMED subp(['udevadm', 'settle']): 0.035
Running command ['mount', '--make-private', '/target/sys'] with allowed return codes [0] (capture=False)
Running command ['umount', '/target/sys'] with allowed return codes [0] (capture=False)
Running command ['mount', '--make-private', '/target/run'] with allowed return codes [0] (capture=False)
Running command ['umount', '/target/run'] with allowed return codes [0] (capture=False)
Running command ['mount', '--make-private', '/target/proc'] with allowed return codes [0] (capture=False)
Running command ['umount', '/target/proc'] with allowed return codes [0] (capture=False)
Running command ['mount', '--make-private', '/target/dev'] with allowed return codes [0] (capture=False)
Running command ['umount', '/target/dev'] with allowed return codes [0] (capture=False)
finish: cmd-install/stage-curthooks/builtin/cmd-curthooks/writing-apt-config: SUCCESS: configuring apt configuring apt
Running command ['unshare', '--fork', '--pid', '--', 'chroot', '/target', 'lsb_release', '--all'] with allowed return codes [0] (capture=True)
start: cmd-install/stage-curthooks/builtin/cmd-curthooks/installing-missing-packages: installing missing packages
Running command ['unshare', '--fork', '--pid', '--', 'chroot', '/target', 'dpkg-query', '--list'] with allowed return codes [0] (capture=True)
Curtin config dependencies requires additional packages: ['e2fsprogs']
Skipping install of {'ifenslave', 'bridge-utils', 'vlan'}.  Not needed on netplan system.
finish: cmd-install/stage-curthooks/builtin/cmd-curthooks/installing-missing-packages: SUCCESS: installing missing packages
start: cmd-install/stage-curthooks/builtin/cmd-curthooks/configuring-iscsi-service: configuring iscsi service
finish: cmd-install/stage-curthooks/builtin/cmd-curthooks/configuring-iscsi-service: SUCCESS: configuring iscsi service
start: cmd-install/stage-curthooks/builtin/cmd-curthooks/configuring-mdadm-service: configuring raid (mdadm) service
finish: cmd-install/stage-curthooks/builtin/cmd-curthooks/configuring-mdadm-service: SUCCESS: configuring raid (mdadm) service
start: cmd-install/stage-curthooks/builtin/cmd-curthooks/installing-kernel: installing kernel
Running command ['unshare', '--fork', '--pid', '--', 'chroot', '/target', 'lsb_release', '--all'] with allowed return codes [0] (capture=True)
Running command ['dpkg', '--print-architecture'] with allowed return codes [0] (capture=True)
Running command ['mount', '--bind', '/dev', '/target/dev'] with allowed return codes [0] (capture=False)
Running command ['mount', '--bind', '/proc', '/target/proc'] with allowed return codes [0] (capture=False)
Running command ['mount', '--bind', '/run', '/target/run'] with allowed return codes [0] (capture=False)
Running command ['mount', '--bind', '/sys', '/target/sys'] with allowed return codes [0] (capture=False)
Running command ['unshare', '--fork', '--pid', '--', 'chroot', '/target', 'apt-get', '--quiet', '--option=Acquire::Languages=none', '--option=Dir::Etc::sourcelist=/tmp/tmp6vxvzc93/sources.list', '--option=Dir::Etc::sourceparts=/tmp/tmp6vxvzc93/sources.list.d', 'update'] with allowed return codes [0] (capture=False)
Get:1 file:/cdrom focal InRelease
Ign:1 file:/cdrom focal InRelease
Get:2 file:/cdrom focal Release [1486 B]
Get:2 file:/cdrom focal Release [1486 B]
Hit:3 http://us.archive.ubuntu.com/ubuntu focal InRelease
Hit:4 http://us.archive.ubuntu.com/ubuntu focal-updates InRelease
Hit:5 http://us.archive.ubuntu.com/ubuntu focal-backports InRelease
Hit:6 http://us.archive.ubuntu.com/ubuntu focal-security InRelease
Reading package lists...
Running command ['udevadm', 'settle'] with allowed return codes [0] (capture=False)
TIMED subp(['udevadm', 'settle']): 0.020
Running command ['mount', '--make-private', '/target/sys'] with allowed return codes [0] (capture=False)
Running command ['umount', '/target/sys'] with allowed return codes [0] (capture=False)
Running command ['mount', '--make-private', '/target/run'] with allowed return codes [0] (capture=False)
Running command ['umount', '/target/run'] with allowed return codes [0] (capture=False)
Running command ['mount', '--make-private', '/target/proc'] with allowed return codes [0] (capture=False)
Running command ['umount', '/target/proc'] with allowed return codes [0] (capture=False)
Running command ['mount', '--make-private', '/target/dev'] with allowed return codes [0] (capture=False)
Running command ['umount', '/target/dev'] with allowed return codes [0] (capture=False)
Running command ['mount', '--bind', '/dev', '/target/dev'] with allowed return codes [0] (capture=False)
Running command ['mount', '--bind', '/proc', '/target/proc'] with allowed return codes [0] (capture=False)
Running command ['mount', '--bind', '/run', '/target/run'] with allowed return codes [0] (capture=False)
Running command ['mount', '--bind', '/sys', '/target/sys'] with allowed return codes [0] (capture=False)
Running command ['unshare', '--fork', '--pid', '--', 'chroot', '/target', 'eatmydata', 'apt-get', '--quiet', '--assume-yes', '--option=Dpkg::options::=--force-unsafe-io', '--option=Dpkg::Options::=--force-confold', 'install', 'linux-generic'] with allowed return codes [0] (capture=False)
Reading package lists...
Building dependency tree...
Reading state information...
The following additional packages will be installed:
  amd64-microcode crda grub-common grub-gfxpayload-lists grub-pc grub-pc-bin
  grub2-common intel-microcode iucode-tool iw libdbus-glib-1-2 libevdev2
  libfreetype6 libimobiledevice6 libnl-3-200 libnl-genl-3-200 libplist3
  libupower-glib3 libusbmuxd6 linux-firmware linux-headers-5.4.0-122
  linux-headers-5.4.0-122-generic linux-headers-generic
  linux-image-5.4.0-122-generic linux-image-generic
  linux-modules-5.4.0-122-generic linux-modules-extra-5.4.0-122-generic
  os-prober thermald upower usbmuxd wireless-regdb
Suggested packages:
  multiboot-doc grub-emu xorriso desktop-base libusbmuxd-tools fdutils
  linux-doc | linux-source-5.4.0 linux-tools
The following NEW packages will be installed:
  amd64-microcode crda grub-common grub-gfxpayload-lists grub-pc grub-pc-bin
  grub2-common intel-microcode iucode-tool iw libdbus-glib-1-2 libevdev2
  libfreetype6 libimobiledevice6 libnl-3-200 libnl-genl-3-200 libplist3
  libupower-glib3 libusbmuxd6 linux-firmware linux-generic
  linux-headers-5.4.0-122 linux-headers-5.4.0-122-generic
  linux-headers-generic linux-image-5.4.0-122-generic linux-image-generic
  linux-modules-5.4.0-122-generic linux-modules-extra-5.4.0-122-generic
  os-prober thermald upower usbmuxd wireless-regdb
0 upgraded, 33 newly installed, 0 to remove and 179 not upgraded.
Need to get 210 MB/211 MB of archives.
After this operation, 1070 MB of additional disk space will be used.
Get:1 file:/cdrom focal/main amd64 libnl-3-200 amd64 3.4.0-1 [53.9 kB]
Get:2 file:/cdrom focal/main amd64 libnl-genl-3-200 amd64 3.4.0-1 [11.1 kB]
Get:3 file:/cdrom focal/main amd64 iw amd64 5.4-1 [94.0 kB]
Get:4 file:/cdrom focal/main amd64 crda amd64 3.18-1build1 [63.5 kB]
Get:5 file:/cdrom focal/main amd64 grub-gfxpayload-lists amd64 0.7 [3658 B]
Get:6 file:/cdrom focal/main amd64 iucode-tool amd64 2.3.1-1 [45.6 kB]
Get:7 file:/cdrom focal/main amd64 libdbus-glib-1-2 amd64 0.110-5fakssync1 [59.1 kB]
Get:8 file:/cdrom focal/main amd64 libplist3 amd64 2.1.0-4build2 [31.6 kB]
Get:9 file:/cdrom focal/main amd64 libusbmuxd6 amd64 2.0.1-2 [19.1 kB]
Get:10 file:/cdrom focal/main amd64 libimobiledevice6 amd64 1.2.1~git20191129.9f79242-1build1 [65.2 kB]
Get:11 file:/cdrom focal/main amd64 libupower-glib3 amd64 0.99.11-1build2 [43.2 kB]
Get:12 file:/cdrom focal/main amd64 amd64-microcode amd64 3.20191218.1ubuntu1 [31.8 kB]
Get:13 file:/cdrom focal/main amd64 os-prober amd64 1.74ubuntu2 [20.1 kB]
Get:14 file:/cdrom focal/main amd64 upower amd64 0.99.11-1build2 [104 kB]
Get:15 file:/cdrom focal/main amd64 usbmuxd amd64 1.1.1~git20191130.9af2b12-1 [38.4 kB]
Get:16 http://us.archive.ubuntu.com/ubuntu focal-updates/main amd64 wireless-regdb all 2022.06.06-0ubuntu1~20.04.1 [9872 B]
Get:17 http://us.archive.ubuntu.com/ubuntu focal-updates/main amd64 libfreetype6 amd64 2.10.1-2ubuntu0.2 [341 kB]
Get:18 http://us.archive.ubuntu.com/ubuntu focal-updates/main amd64 grub-common amd64 2.04-1ubuntu26.15 [1875 kB]
Get:19 http://us.archive.ubuntu.com/ubuntu focal-updates/main amd64 grub2-common amd64 2.04-1ubuntu26.15 [592 kB]
Get:20 http://us.archive.ubuntu.com/ubuntu focal-updates/main amd64 grub-pc-bin amd64 2.04-1ubuntu26.15 [971 kB]
Get:21 http://us.archive.ubuntu.com/ubuntu focal-updates/main amd64 grub-pc amd64 2.04-1ubuntu26.15 [125 kB]
Get:22 http://us.archive.ubuntu.com/ubuntu focal-updates/main amd64 linux-firmware all 1.187.33 [125 MB]
Get:23 http://us.archive.ubuntu.com/ubuntu focal-updates/main amd64 linux-modules-5.4.0-122-generic amd64 5.4.0-122.138 [15.0 MB]
Get:24 http://us.archive.ubuntu.com/ubuntu focal-updates/main amd64 linux-image-5.4.0-122-generic amd64 5.4.0-122.138 [10.5 MB]
Get:25 http://us.archive.ubuntu.com/ubuntu focal-updates/main amd64 linux-modules-extra-5.4.0-122-generic amd64 5.4.0-122.138 [39.2 MB]
Get:26 http://us.archive.ubuntu.com/ubuntu focal-updates/main amd64 intel-microcode amd64 3.20220510.0ubuntu0.20.04.1 [4063 kB]
Get:27 http://us.archive.ubuntu.com/ubuntu focal-updates/main amd64 linux-image-generic amd64 5.4.0.122.123 [2564 B]
Get:28 http://us.archive.ubuntu.com/ubuntu focal-updates/main amd64 linux-headers-5.4.0-122 all 5.4.0-122.138 [11.0 MB]
Get:29 http://us.archive.ubuntu.com/ubuntu focal-updates/main amd64 linux-headers-5.4.0-122-generic amd64 5.4.0-122.138 [1385 kB]
Get:30 http://us.archive.ubuntu.com/ubuntu focal-updates/main amd64 linux-headers-generic amd64 5.4.0.122.123 [2436 B]
Get:31 http://us.archive.ubuntu.com/ubuntu focal-updates/main amd64 linux-generic amd64 5.4.0.122.123 [1900 B]
Get:32 http://us.archive.ubuntu.com/ubuntu focal-updates/main amd64 libevdev2 amd64 1.9.0+dfsg-1ubuntu0.2 [31.6 kB]
Get:33 http://us.archive.ubuntu.com/ubuntu focal-updates/main amd64 thermald amd64 1.9.1-1ubuntu0.6 [233 kB]
Preconfiguring packages ...
Fetched 210 MB in 3s (72.8 MB/s)
E: Can not write log (Is /dev/pts mounted?) - posix_openpt (19: No such device)
Selecting previously unselected package libnl-3-200:amd64.
(Reading database ... 28758 files and directories currently installed.)
Preparing to unpack .../00-libnl-3-200_3.4.0-1_amd64.deb ...
Unpacking libnl-3-200:amd64 (3.4.0-1) ...
Selecting previously unselected package libnl-genl-3-200:amd64.
Preparing to unpack .../01-libnl-genl-3-200_3.4.0-1_amd64.deb ...
Unpacking libnl-genl-3-200:amd64 (3.4.0-1) ...
Selecting previously unselected package wireless-regdb.
Preparing to unpack .../02-wireless-regdb_2022.06.06-0ubuntu1~20.04.1_all.deb ...
Unpacking wireless-regdb (2022.06.06-0ubuntu1~20.04.1) ...
Selecting previously unselected package iw.
Preparing to unpack .../03-iw_5.4-1_amd64.deb ...
Unpacking iw (5.4-1) ...
Selecting previously unselected package crda.
Preparing to unpack .../04-crda_3.18-1build1_amd64.deb ...
Unpacking crda (3.18-1build1) ...
Selecting previously unselected package libfreetype6:amd64.
Preparing to unpack .../05-libfreetype6_2.10.1-2ubuntu0.2_amd64.deb ...
Unpacking libfreetype6:amd64 (2.10.1-2ubuntu0.2) ...
Selecting previously unselected package grub-common.
Preparing to unpack .../06-grub-common_2.04-1ubuntu26.15_amd64.deb ...
Unpacking grub-common (2.04-1ubuntu26.15) ...
Selecting previously unselected package grub2-common.
Preparing to unpack .../07-grub2-common_2.04-1ubuntu26.15_amd64.deb ...
Unpacking grub2-common (2.04-1ubuntu26.15) ...
Selecting previously unselected package grub-pc-bin.
Preparing to unpack .../08-grub-pc-bin_2.04-1ubuntu26.15_amd64.deb ...
Unpacking grub-pc-bin (2.04-1ubuntu26.15) ...
Selecting previously unselected package grub-pc.
Preparing to unpack .../09-grub-pc_2.04-1ubuntu26.15_amd64.deb ...
Unpacking grub-pc (2.04-1ubuntu26.15) ...
Selecting previously unselected package grub-gfxpayload-lists.
Preparing to unpack .../10-grub-gfxpayload-lists_0.7_amd64.deb ...
Unpacking grub-gfxpayload-lists (0.7) ...
Selecting previously unselected package iucode-tool.
Preparing to unpack .../11-iucode-tool_2.3.1-1_amd64.deb ...
Unpacking iucode-tool (2.3.1-1) ...
Selecting previously unselected package libdbus-glib-1-2:amd64.
Preparing to unpack .../12-libdbus-glib-1-2_0.110-5fakssync1_amd64.deb ...
Unpacking libdbus-glib-1-2:amd64 (0.110-5fakssync1) ...
Selecting previously unselected package libplist3:amd64.
Preparing to unpack .../13-libplist3_2.1.0-4build2_amd64.deb ...
Unpacking libplist3:amd64 (2.1.0-4build2) ...
Selecting previously unselected package libusbmuxd6:amd64.
Preparing to unpack .../14-libusbmuxd6_2.0.1-2_amd64.deb ...
Unpacking libusbmuxd6:amd64 (2.0.1-2) ...
Selecting previously unselected package libimobiledevice6:amd64.
Preparing to unpack .../15-libimobiledevice6_1.2.1~git20191129.9f79242-1build1_amd64.deb ...
Unpacking libimobiledevice6:amd64 (1.2.1~git20191129.9f79242-1build1) ...
Selecting previously unselected package libupower-glib3:amd64.
Preparing to unpack .../16-libupower-glib3_0.99.11-1build2_amd64.deb ...
Unpacking libupower-glib3:amd64 (0.99.11-1build2) ...
Selecting previously unselected package linux-firmware.
Preparing to unpack .../17-linux-firmware_1.187.33_all.deb ...
Unpacking linux-firmware (1.187.33) ...
Selecting previously unselected package linux-modules-5.4.0-122-generic.
Preparing to unpack .../18-linux-modules-5.4.0-122-generic_5.4.0-122.138_amd64.deb ...
Unpacking linux-modules-5.4.0-122-generic (5.4.0-122.138) ...
Selecting previously unselected package linux-image-5.4.0-122-generic.
Preparing to unpack .../19-linux-image-5.4.0-122-generic_5.4.0-122.138_amd64.deb ...
Unpacking linux-image-5.4.0-122-generic (5.4.0-122.138) ...
Selecting previously unselected package linux-modules-extra-5.4.0-122-generic.
Preparing to unpack .../20-linux-modules-extra-5.4.0-122-generic_5.4.0-122.138_amd64.deb ...
Unpacking linux-modules-extra-5.4.0-122-generic (5.4.0-122.138) ...
Selecting previously unselected package intel-microcode.
Preparing to unpack .../21-intel-microcode_3.20220510.0ubuntu0.20.04.1_amd64.deb ...
Unpacking intel-microcode (3.20220510.0ubuntu0.20.04.1) ...
Selecting previously unselected package amd64-microcode.
Preparing to unpack .../22-amd64-microcode_3.20191218.1ubuntu1_amd64.deb ...
Unpacking amd64-microcode (3.20191218.1ubuntu1) ...
Selecting previously unselected package linux-image-generic.
Preparing to unpack .../23-linux-image-generic_5.4.0.122.123_amd64.deb ...
Unpacking linux-image-generic (5.4.0.122.123) ...
Selecting previously unselected package linux-headers-5.4.0-122.
Preparing to unpack .../24-linux-headers-5.4.0-122_5.4.0-122.138_all.deb ...
Unpacking linux-headers-5.4.0-122 (5.4.0-122.138) ...
Selecting previously unselected package linux-headers-5.4.0-122-generic.
Preparing to unpack .../25-linux-headers-5.4.0-122-generic_5.4.0-122.138_amd64.deb ...
Unpacking linux-headers-5.4.0-122-generic (5.4.0-122.138) ...
Selecting previously unselected package linux-headers-generic.
Preparing to unpack .../26-linux-headers-generic_5.4.0.122.123_amd64.deb ...
Unpacking linux-headers-generic (5.4.0.122.123) ...
Selecting previously unselected package linux-generic.
Preparing to unpack .../27-linux-generic_5.4.0.122.123_amd64.deb ...
Unpacking linux-generic (5.4.0.122.123) ...
Selecting previously unselected package os-prober.
Preparing to unpack .../28-os-prober_1.74ubuntu2_amd64.deb ...
Unpacking os-prober (1.74ubuntu2) ...
Selecting previously unselected package libevdev2:amd64.
Preparing to unpack .../29-libevdev2_1.9.0+dfsg-1ubuntu0.2_amd64.deb ...
Unpacking libevdev2:amd64 (1.9.0+dfsg-1ubuntu0.2) ...
Selecting previously unselected package thermald.
Preparing to unpack .../30-thermald_1.9.1-1ubuntu0.6_amd64.deb ...
Unpacking thermald (1.9.1-1ubuntu0.6) ...
Selecting previously unselected package upower.
Preparing to unpack .../31-upower_0.99.11-1build2_amd64.deb ...
Unpacking upower (0.99.11-1build2) ...
Selecting previously unselected package usbmuxd.
Preparing to unpack .../32-usbmuxd_1.1.1~git20191130.9af2b12-1_amd64.deb ...
Unpacking usbmuxd (1.1.1~git20191130.9af2b12-1) ...
Setting up libplist3:amd64 (2.1.0-4build2) ...
Setting up iucode-tool (2.3.1-1) ...
Setting up linux-firmware (1.187.33) ...
Setting up intel-microcode (3.20220510.0ubuntu0.20.04.1) ...
intel-microcode: microcode will be updated at next boot
Setting up wireless-regdb (2022.06.06-0ubuntu1~20.04.1) ...
Setting up amd64-microcode (3.20191218.1ubuntu1) ...
amd64-microcode: microcode will be updated at next boot
Setting up linux-modules-5.4.0-122-generic (5.4.0-122.138) ...
Setting up libfreetype6:amd64 (2.10.1-2ubuntu0.2) ...
Setting up libdbus-glib-1-2:amd64 (0.110-5fakssync1) ...
Setting up linux-headers-5.4.0-122 (5.4.0-122.138) ...
Setting up libusbmuxd6:amd64 (2.0.1-2) ...
Setting up libnl-3-200:amd64 (3.4.0-1) ...
Setting up libupower-glib3:amd64 (0.99.11-1build2) ...
Setting up linux-headers-5.4.0-122-generic (5.4.0-122.138) ...
Setting up libimobiledevice6:amd64 (1.2.1~git20191129.9f79242-1build1) ...
Setting up libevdev2:amd64 (1.9.0+dfsg-1ubuntu0.2) ...
Setting up linux-image-5.4.0-122-generic (5.4.0-122.138) ...
I: /boot/vmlinuz.old is now a symlink to vmlinuz-5.4.0-122-generic
I: /boot/initrd.img.old is now a symlink to initrd.img-5.4.0-122-generic
I: /boot/vmlinuz is now a symlink to vmlinuz-5.4.0-122-generic
I: /boot/initrd.img is now a symlink to initrd.img-5.4.0-122-generic
Setting up upower (0.99.11-1build2) ...
Running in chroot, ignoring request: daemon-reload
/usr/sbin/policy-rc.d returned 101, not running 'start upower.service'
Setting up linux-headers-generic (5.4.0.122.123) ...
Setting up grub-common (2.04-1ubuntu26.15) ...
Created symlink /etc/systemd/system/multi-user.target.wants/grub-common.service → /lib/systemd/system/grub-common.service.
Created symlink /etc/systemd/system/sleep.target.wants/grub-common.service → /lib/systemd/system/grub-common.service.
Created symlink /etc/systemd/system/multi-user.target.wants/grub-initrd-fallback.service → /lib/systemd/system/grub-initrd-fallback.service.
Created symlink /etc/systemd/system/rescue.target.wants/grub-initrd-fallback.service → /lib/systemd/system/grub-initrd-fallback.service.
Created symlink /etc/systemd/system/emergency.target.wants/grub-initrd-fallback.service → /lib/systemd/system/grub-initrd-fallback.service.
Created symlink /etc/systemd/system/sleep.target.wants/grub-initrd-fallback.service → /lib/systemd/system/grub-initrd-fallback.service.
Running in chroot, ignoring request: daemon-reload
/usr/sbin/policy-rc.d returned 101, not running 'start grub-initrd-fallback.service'
update-rc.d: warning: start and stop actions are no longer supported; falling back to defaults
Running in chroot, ignoring request: daemon-reload
Running in chroot, ignoring request.
invoke-rc.d: policy-rc.d denied execution of start.
Setting up os-prober (1.74ubuntu2) ...
Setting up usbmuxd (1.1.1~git20191130.9af2b12-1) ...
Warning: The home dir /var/lib/usbmux you specified can't be accessed: No such file or directory
Adding system user `usbmux' (UID 111) ...
Adding new user `usbmux' (UID 111) with group `plugdev' ...
ERROR: ld.so: object 'libeatmydata.so' from LD_PRELOAD cannot be preloaded (cannot open shared object file): ignored.
Not creating home directory `/var/lib/usbmux'.
Running in chroot, ignoring request: daemon-reload
/usr/sbin/policy-rc.d returned 101, not running 'start usbmuxd.service'
Setting up libnl-genl-3-200:amd64 (3.4.0-1) ...
Setting up iw (5.4-1) ...
Setting up thermald (1.9.1-1ubuntu0.6) ...
Created symlink /etc/systemd/system/dbus-org.freedesktop.thermald.service → /lib/systemd/system/thermald.service.
Created symlink /etc/systemd/system/multi-user.target.wants/thermald.service → /lib/systemd/system/thermald.service.
Running in chroot, ignoring request: daemon-reload
/usr/sbin/policy-rc.d returned 101, not running 'start thermald.service'
Setting up crda (3.18-1build1) ...
Setting up grub2-common (2.04-1ubuntu26.15) ...
Setting up linux-modules-extra-5.4.0-122-generic (5.4.0-122.138) ...
Setting up grub-pc-bin (2.04-1ubuntu26.15) ...
Setting up linux-image-generic (5.4.0.122.123) ...
Setting up linux-generic (5.4.0.122.123) ...
Setting up grub-pc (2.04-1ubuntu26.15) ...

Creating config file /etc/default/grub with new version
Setting up grub-gfxpayload-lists (0.7) ...
Processing triggers for dbus (1.12.16-2ubuntu2.1) ...
Processing triggers for install-info (6.7.0.dfsg.2-5) ...
Processing triggers for libc-bin (2.31-0ubuntu9.2) ...
Processing triggers for systemd (245.4-4ubuntu3.11) ...
Running in chroot, ignoring request: daemon-reload
Processing triggers for man-db (2.9.1-1) ...
Processing triggers for linux-image-5.4.0-122-generic (5.4.0-122.138) ...
Running command ['unshare', '--fork', '--pid', '--', 'chroot', '/target', 'apt-get', 'clean'] with allowed return codes [0] (capture=False)
Running command ['udevadm', 'settle'] with allowed return codes [0] (capture=False)
TIMED subp(['udevadm', 'settle']): 0.020
Running command ['mount', '--make-private', '/target/sys'] with allowed return codes [0] (capture=False)
Running command ['umount', '/target/sys'] with allowed return codes [0] (capture=False)
Running command ['mount', '--make-private', '/target/run'] with allowed return codes [0] (capture=False)
Running command ['umount', '/target/run'] with allowed return codes [0] (capture=False)
Running command ['mount', '--make-private', '/target/proc'] with allowed return codes [0] (capture=False)
Running command ['umount', '/target/proc'] with allowed return codes [0] (capture=False)
Running command ['mount', '--make-private', '/target/dev'] with allowed return codes [0] (capture=False)
Running command ['umount', '/target/dev'] with allowed return codes [0] (capture=False)
finish: cmd-install/stage-curthooks/builtin/cmd-curthooks/installing-kernel: SUCCESS: installing kernel
start: cmd-install/stage-curthooks/builtin/cmd-curthooks/setting-up-swap: setting up swap
Not creating swap: suggested size was 0
finish: cmd-install/stage-curthooks/builtin/cmd-curthooks/setting-up-swap: SUCCESS: setting up swap
start: cmd-install/stage-curthooks/builtin/cmd-curthooks/apply-networking-config: apply networking config
copying interfaces
no interfaces file to copy!
finish: cmd-install/stage-curthooks/builtin/cmd-curthooks/apply-networking-config: SUCCESS: apply networking config
start: cmd-install/stage-curthooks/builtin/cmd-curthooks/writing-etc-fstab: writing etc/fstab
finish: cmd-install/stage-curthooks/builtin/cmd-curthooks/writing-etc-fstab: SUCCESS: writing etc/fstab
start: cmd-install/stage-curthooks/builtin/cmd-curthooks/configuring-multipath: configuring multipath
Running command ['udevadm', 'info', '--query=property', '--export', '/dev/sr0'] with allowed return codes [0] (capture=True)
/dev/sr0 is multipath device? False
/dev/sr0 is multipath device partition? False
Running command ['udevadm', 'info', '--query=property', '--export', '/dev/sr0'] with allowed return codes [0] (capture=True)
/dev/sr0 is multipath device member? False
Running command ['udevadm', 'info', '--query=property', '--export', '/dev/loop0'] with allowed return codes [0] (capture=True)
/dev/loop0 is multipath device? False
/dev/loop0 is multipath device partition? False
Running command ['udevadm', 'info', '--query=property', '--export', '/dev/loop0'] with allowed return codes [0] (capture=True)
/dev/loop0 is multipath device member? False
Running command ['udevadm', 'info', '--query=property', '--export', '/dev/loop2'] with allowed return codes [0] (capture=True)
/dev/loop2 is multipath device? False
/dev/loop2 is multipath device partition? False
Running command ['udevadm', 'info', '--query=property', '--export', '/dev/loop2'] with allowed return codes [0] (capture=True)
/dev/loop2 is multipath device member? False
Running command ['udevadm', 'info', '--query=property', '--export', '/dev/loop0'] with allowed return codes [0] (capture=True)
/dev/loop0 is multipath device? False
/dev/loop0 is multipath device partition? False
Running command ['udevadm', 'info', '--query=property', '--export', '/dev/loop0'] with allowed return codes [0] (capture=True)
/dev/loop0 is multipath device member? False
Running command ['udevadm', 'info', '--query=property', '--export', '/dev/loop3'] with allowed return codes [0] (capture=True)
/dev/loop3 is multipath device? False
/dev/loop3 is multipath device partition? False
Running command ['udevadm', 'info', '--query=property', '--export', '/dev/loop3'] with allowed return codes [0] (capture=True)
/dev/loop3 is multipath device member? False
Running command ['udevadm', 'info', '--query=property', '--export', '/dev/loop4'] with allowed return codes [0] (capture=True)
/dev/loop4 is multipath device? False
/dev/loop4 is multipath device partition? False
Running command ['udevadm', 'info', '--query=property', '--export', '/dev/loop4'] with allowed return codes [0] (capture=True)
/dev/loop4 is multipath device member? False
Running command ['udevadm', 'info', '--query=property', '--export', '/dev/loop5'] with allowed return codes [0] (capture=True)
/dev/loop5 is multipath device? False
/dev/loop5 is multipath device partition? False
Running command ['udevadm', 'info', '--query=property', '--export', '/dev/loop5'] with allowed return codes [0] (capture=True)
/dev/loop5 is multipath device member? False
Running command ['udevadm', 'info', '--query=property', '--export', '/dev/loop6'] with allowed return codes [0] (capture=True)
/dev/loop6 is multipath device? False
/dev/loop6 is multipath device partition? False
Running command ['udevadm', 'info', '--query=property', '--export', '/dev/loop6'] with allowed return codes [0] (capture=True)
/dev/loop6 is multipath device member? False
Running command ['udevadm', 'info', '--query=property', '--export', '/dev/loop7'] with allowed return codes [0] (capture=True)
/dev/loop7 is multipath device? False
/dev/loop7 is multipath device partition? False
Running command ['udevadm', 'info', '--query=property', '--export', '/dev/loop7'] with allowed return codes [0] (capture=True)
/dev/loop7 is multipath device member? False
Running command ['udevadm', 'info', '--query=property', '--export', '/dev/loop8'] with allowed return codes [0] (capture=True)
/dev/loop8 is multipath device? False
/dev/loop8 is multipath device partition? False
Running command ['udevadm', 'info', '--query=property', '--export', '/dev/loop8'] with allowed return codes [0] (capture=True)
/dev/loop8 is multipath device member? False
Running command ['udevadm', 'info', '--query=property', '--export', '/dev/sr0'] with allowed return codes [0] (capture=True)
/dev/sr0 is multipath device? False
/dev/sr0 is multipath device partition? False
Running command ['udevadm', 'info', '--query=property', '--export', '/dev/sr0'] with allowed return codes [0] (capture=True)
/dev/sr0 is multipath device member? False
Running command ['udevadm', 'info', '--query=property', '--export', '/dev/vda1'] with allowed return codes [0] (capture=True)
/dev/vda1 is multipath device? False
/dev/vda1 is multipath device partition? False
Running command ['udevadm', 'info', '--query=property', '--export', '/dev/vda1'] with allowed return codes [0] (capture=True)
/dev/vda1 is multipath device member? False
Running command ['udevadm', 'info', '--query=property', '--export', '/dev/sr0'] with allowed return codes [0] (capture=True)
/dev/sr0 is multipath device? False
/dev/sr0 is multipath device partition? False
Running command ['udevadm', 'info', '--query=property', '--export', '/dev/sr0'] with allowed return codes [0] (capture=True)
/dev/sr0 is multipath device member? False
Running command ['lsblk', '--noheadings', '--bytes', '--pairs', '--output=ALIGNMENT,DISC-ALN,DISC-GRAN,DISC-MAX,DISC-ZERO,FSTYPE,GROUP,KNAME,LABEL,LOG-SEC,MAJ:MIN,MIN-IO,MODE,MODEL,MOUNTPOINT,NAME,OPT-IO,OWNER,PHY-SEC,RM,RO,ROTA,RQ-SIZE,SIZE,STATE,TYPE,UUID', '--nodeps'] with allowed return codes [0] (capture=True)
Running command ['lsblk', '--noheadings', '--bytes', '--pairs', '--output=ALIGNMENT,DISC-ALN,DISC-GRAN,DISC-MAX,DISC-ZERO,FSTYPE,GROUP,KNAME,LABEL,LOG-SEC,MAJ:MIN,MIN-IO,MODE,MODEL,MOUNTPOINT,NAME,OPT-IO,OWNER,PHY-SEC,RM,RO,ROTA,RQ-SIZE,SIZE,STATE,TYPE,UUID', '/dev/fd0'] with allowed return codes [0] (capture=True)
Running command ['lsblk', '--noheadings', '--bytes', '--pairs', '--output=ALIGNMENT,DISC-ALN,DISC-GRAN,DISC-MAX,DISC-ZERO,FSTYPE,GROUP,KNAME,LABEL,LOG-SEC,MAJ:MIN,MIN-IO,MODE,MODEL,MOUNTPOINT,NAME,OPT-IO,OWNER,PHY-SEC,RM,RO,ROTA,RQ-SIZE,SIZE,STATE,TYPE,UUID', '/dev/loop0'] with allowed return codes [0] (capture=True)
Running command ['lsblk', '--noheadings', '--bytes', '--pairs', '--output=ALIGNMENT,DISC-ALN,DISC-GRAN,DISC-MAX,DISC-ZERO,FSTYPE,GROUP,KNAME,LABEL,LOG-SEC,MAJ:MIN,MIN-IO,MODE,MODEL,MOUNTPOINT,NAME,OPT-IO,OWNER,PHY-SEC,RM,RO,ROTA,RQ-SIZE,SIZE,STATE,TYPE,UUID', '/dev/loop1'] with allowed return codes [0] (capture=True)
Running command ['lsblk', '--noheadings', '--bytes', '--pairs', '--output=ALIGNMENT,DISC-ALN,DISC-GRAN,DISC-MAX,DISC-ZERO,FSTYPE,GROUP,KNAME,LABEL,LOG-SEC,MAJ:MIN,MIN-IO,MODE,MODEL,MOUNTPOINT,NAME,OPT-IO,OWNER,PHY-SEC,RM,RO,ROTA,RQ-SIZE,SIZE,STATE,TYPE,UUID', '/dev/loop2'] with allowed return codes [0] (capture=True)
Running command ['lsblk', '--noheadings', '--bytes', '--pairs', '--output=ALIGNMENT,DISC-ALN,DISC-GRAN,DISC-MAX,DISC-ZERO,FSTYPE,GROUP,KNAME,LABEL,LOG-SEC,MAJ:MIN,MIN-IO,MODE,MODEL,MOUNTPOINT,NAME,OPT-IO,OWNER,PHY-SEC,RM,RO,ROTA,RQ-SIZE,SIZE,STATE,TYPE,UUID', '/dev/loop3'] with allowed return codes [0] (capture=True)
Running command ['lsblk', '--noheadings', '--bytes', '--pairs', '--output=ALIGNMENT,DISC-ALN,DISC-GRAN,DISC-MAX,DISC-ZERO,FSTYPE,GROUP,KNAME,LABEL,LOG-SEC,MAJ:MIN,MIN-IO,MODE,MODEL,MOUNTPOINT,NAME,OPT-IO,OWNER,PHY-SEC,RM,RO,ROTA,RQ-SIZE,SIZE,STATE,TYPE,UUID', '/dev/loop4'] with allowed return codes [0] (capture=True)
Running command ['lsblk', '--noheadings', '--bytes', '--pairs', '--output=ALIGNMENT,DISC-ALN,DISC-GRAN,DISC-MAX,DISC-ZERO,FSTYPE,GROUP,KNAME,LABEL,LOG-SEC,MAJ:MIN,MIN-IO,MODE,MODEL,MOUNTPOINT,NAME,OPT-IO,OWNER,PHY-SEC,RM,RO,ROTA,RQ-SIZE,SIZE,STATE,TYPE,UUID', '/dev/loop5'] with allowed return codes [0] (capture=True)
Running command ['lsblk', '--noheadings', '--bytes', '--pairs', '--output=ALIGNMENT,DISC-ALN,DISC-GRAN,DISC-MAX,DISC-ZERO,FSTYPE,GROUP,KNAME,LABEL,LOG-SEC,MAJ:MIN,MIN-IO,MODE,MODEL,MOUNTPOINT,NAME,OPT-IO,OWNER,PHY-SEC,RM,RO,ROTA,RQ-SIZE,SIZE,STATE,TYPE,UUID', '/dev/loop6'] with allowed return codes [0] (capture=True)
Running command ['lsblk', '--noheadings', '--bytes', '--pairs', '--output=ALIGNMENT,DISC-ALN,DISC-GRAN,DISC-MAX,DISC-ZERO,FSTYPE,GROUP,KNAME,LABEL,LOG-SEC,MAJ:MIN,MIN-IO,MODE,MODEL,MOUNTPOINT,NAME,OPT-IO,OWNER,PHY-SEC,RM,RO,ROTA,RQ-SIZE,SIZE,STATE,TYPE,UUID', '/dev/loop7'] with allowed return codes [0] (capture=True)
Running command ['lsblk', '--noheadings', '--bytes', '--pairs', '--output=ALIGNMENT,DISC-ALN,DISC-GRAN,DISC-MAX,DISC-ZERO,FSTYPE,GROUP,KNAME,LABEL,LOG-SEC,MAJ:MIN,MIN-IO,MODE,MODEL,MOUNTPOINT,NAME,OPT-IO,OWNER,PHY-SEC,RM,RO,ROTA,RQ-SIZE,SIZE,STATE,TYPE,UUID', '/dev/loop8'] with allowed return codes [0] (capture=True)
Running command ['lsblk', '--noheadings', '--bytes', '--pairs', '--output=ALIGNMENT,DISC-ALN,DISC-GRAN,DISC-MAX,DISC-ZERO,FSTYPE,GROUP,KNAME,LABEL,LOG-SEC,MAJ:MIN,MIN-IO,MODE,MODEL,MOUNTPOINT,NAME,OPT-IO,OWNER,PHY-SEC,RM,RO,ROTA,RQ-SIZE,SIZE,STATE,TYPE,UUID', '/dev/sr0'] with allowed return codes [0] (capture=True)
Running command ['lsblk', '--noheadings', '--bytes', '--pairs', '--output=ALIGNMENT,DISC-ALN,DISC-GRAN,DISC-MAX,DISC-ZERO,FSTYPE,GROUP,KNAME,LABEL,LOG-SEC,MAJ:MIN,MIN-IO,MODE,MODEL,MOUNTPOINT,NAME,OPT-IO,OWNER,PHY-SEC,RM,RO,ROTA,RQ-SIZE,SIZE,STATE,TYPE,UUID', '/dev/sr1'] with allowed return codes [0] (capture=True)
Running command ['lsblk', '--noheadings', '--bytes', '--pairs', '--output=ALIGNMENT,DISC-ALN,DISC-GRAN,DISC-MAX,DISC-ZERO,FSTYPE,GROUP,KNAME,LABEL,LOG-SEC,MAJ:MIN,MIN-IO,MODE,MODEL,MOUNTPOINT,NAME,OPT-IO,OWNER,PHY-SEC,RM,RO,ROTA,RQ-SIZE,SIZE,STATE,TYPE,UUID', '/dev/vda'] with allowed return codes [0] (capture=True)
no devices found to rescan
Running command ['blkid', '-o', 'full'] with allowed return codes [0] (capture=True)
legacy_detect_multipath found blkid info: {'/dev/loop0': {'TYPE': 'squashfs'}, '/dev/loop1': {'TYPE': 'squashfs'}, '/dev/loop2': {'TYPE': 'squashfs'}, '/dev/loop3': {'TYPE': 'squashfs'}, '/dev/loop4': {'TYPE': 'squashfs'}, '/dev/loop5': {'TYPE': 'squashfs'}, '/dev/loop6': {'TYPE': 'squashfs'}, '/dev/loop7': {'TYPE': 'squashfs'}, '/dev/sr0': {'UUID': '2021-08-24-09-09-05-00', 'LABEL': 'Ubuntu-Server 20.04.3 LTS amd64', 'TYPE': 'iso9660', 'PTUUID': '7fcaeaa1', 'PTTYPE': 'dos'}, '/dev/vda1': {'UUID': '176ccbe8-961e-4b77-bbd0-40bee15e7fa5', 'TYPE': 'ext4', 'PARTUUID': '3d00755b-01'}, '/dev/loop8': {'TYPE': 'squashfs'}}
Running command ['lsblk', '--noheadings', '--bytes', '--pairs', '--output=ALIGNMENT,DISC-ALN,DISC-GRAN,DISC-MAX,DISC-ZERO,FSTYPE,GROUP,KNAME,LABEL,LOG-SEC,MAJ:MIN,MIN-IO,MODE,MODEL,MOUNTPOINT,NAME,OPT-IO,OWNER,PHY-SEC,RM,RO,ROTA,RQ-SIZE,SIZE,STATE,TYPE,UUID'] with allowed return codes [0] (capture=True)
target_devs: ['/dev/vda1']
/dev/vda1: 176ccbe8-961e-4b77-bbd0-40bee15e7fa5
Multipath detection found: False
finish: cmd-install/stage-curthooks/builtin/cmd-curthooks/configuring-multipath: SUCCESS: configuring multipath
start: cmd-install/stage-curthooks/builtin/cmd-curthooks/system-upgrade: updating packages on target system
system_upgrade disabled by config.
finish: cmd-install/stage-curthooks/builtin/cmd-curthooks/system-upgrade: SUCCESS: updating packages on target system
start: cmd-install/stage-curthooks/builtin/cmd-curthooks/pollinate-user-agent: configuring pollinate user-agent on target
finish: cmd-install/stage-curthooks/builtin/cmd-curthooks/pollinate-user-agent: SUCCESS: configuring pollinate user-agent on target
start: cmd-install/stage-curthooks/builtin/cmd-curthooks/updating-initramfs-configuration: updating initramfs configuration
Running command ['mount', '--bind', '/dev', '/target/dev'] with allowed return codes [0] (capture=False)
Running command ['mount', '--bind', '/proc', '/target/proc'] with allowed return codes [0] (capture=False)
Running command ['mount', '--bind', '/run', '/target/run'] with allowed return codes [0] (capture=False)
Running command ['mount', '--bind', '/sys', '/target/sys'] with allowed return codes [0] (capture=False)
Running command ['unshare', '--fork', '--pid', '--', 'chroot', '/target', 'dpkg-divert', '--list'] with allowed return codes [0] (capture=True)
Running command ['udevadm', 'settle'] with allowed return codes [0] (capture=False)
TIMED subp(['udevadm', 'settle']): 0.014
Running command ['mount', '--make-private', '/target/sys'] with allowed return codes [0] (capture=False)
Running command ['umount', '/target/sys'] with allowed return codes [0] (capture=False)
Running command ['mount', '--make-private', '/target/run'] with allowed return codes [0] (capture=False)
Running command ['umount', '/target/run'] with allowed return codes [0] (capture=False)
Running command ['mount', '--make-private', '/target/proc'] with allowed return codes [0] (capture=False)
Running command ['umount', '/target/proc'] with allowed return codes [0] (capture=False)
Running command ['mount', '--make-private', '/target/dev'] with allowed return codes [0] (capture=False)
Running command ['umount', '/target/dev'] with allowed return codes [0] (capture=False)
Running command ['mount', '--bind', '/dev', '/target/dev'] with allowed return codes [0] (capture=False)
Running command ['mount', '--bind', '/proc', '/target/proc'] with allowed return codes [0] (capture=False)
Running command ['mount', '--bind', '/run', '/target/run'] with allowed return codes [0] (capture=False)
Running command ['mount', '--bind', '/sys', '/target/sys'] with allowed return codes [0] (capture=False)
Restoring update-initramfs in target for initrd updates.
del_file: removed /target/usr/sbin/update-initramfs
Running command ['unshare', '--fork', '--pid', '--', 'chroot', '/target', 'dpkg-divert', '--rename', '--remove', '/usr/sbin/update-initramfs'] with allowed return codes [0] (capture=False)
Removing 'local diversion of /usr/sbin/update-initramfs to /usr/sbin/update-initramfs.curtin-disabled'
Running command ['udevadm', 'settle'] with allowed return codes [0] (capture=False)
TIMED subp(['udevadm', 'settle']): 0.016
Running command ['mount', '--make-private', '/target/sys'] with allowed return codes [0] (capture=False)
Running command ['umount', '/target/sys'] with allowed return codes [0] (capture=False)
Running command ['mount', '--make-private', '/target/run'] with allowed return codes [0] (capture=False)
Running command ['umount', '/target/run'] with allowed return codes [0] (capture=False)
Running command ['mount', '--make-private', '/target/proc'] with allowed return codes [0] (capture=False)
Running command ['umount', '/target/proc'] with allowed return codes [0] (capture=False)
Running command ['mount', '--make-private', '/target/dev'] with allowed return codes [0] (capture=False)
Running command ['umount', '/target/dev'] with allowed return codes [0] (capture=False)
Running command ['mount', '--bind', '/dev', '/target/dev'] with allowed return codes [0] (capture=False)
Running command ['mount', '--bind', '/proc', '/target/proc'] with allowed return codes [0] (capture=False)
Running command ['mount', '--bind', '/run', '/target/run'] with allowed return codes [0] (capture=False)
Running command ['mount', '--bind', '/sys', '/target/sys'] with allowed return codes [0] (capture=False)
Running command ['unshare', '--fork', '--pid', '--', 'chroot', '/target', 'dpkg-divert', '--list'] with allowed return codes [0] (capture=True)
Running command ['udevadm', 'settle'] with allowed return codes [0] (capture=False)
TIMED subp(['udevadm', 'settle']): 0.019
Running command ['mount', '--make-private', '/target/sys'] with allowed return codes [0] (capture=False)
Running command ['umount', '/target/sys'] with allowed return codes [0] (capture=False)
Running command ['mount', '--make-private', '/target/run'] with allowed return codes [0] (capture=False)
Running command ['umount', '/target/run'] with allowed return codes [0] (capture=False)
Running command ['mount', '--make-private', '/target/proc'] with allowed return codes [0] (capture=False)
Running command ['umount', '/target/proc'] with allowed return codes [0] (capture=False)
Running command ['mount', '--make-private', '/target/dev'] with allowed return codes [0] (capture=False)
Running command ['umount', '/target/dev'] with allowed return codes [0] (capture=False)
Running command ['mount', '--bind', '/dev', '/target/dev'] with allowed return codes [0] (capture=False)
Running command ['mount', '--bind', '/proc', '/target/proc'] with allowed return codes [0] (capture=False)
Running command ['mount', '--bind', '/run', '/target/run'] with allowed return codes [0] (capture=False)
Running command ['mount', '--bind', '/sys', '/target/sys'] with allowed return codes [0] (capture=False)
Running command ['unshare', '--fork', '--pid', '--', 'chroot', '/target', 'update-initramfs', '-c', '-k', '5.4.0-122-generic'] with allowed return codes [0] (capture=False)
update-initramfs: Generating /boot/initrd.img-5.4.0-122-generic
Running command ['udevadm', 'settle'] with allowed return codes [0] (capture=False)
TIMED subp(['udevadm', 'settle']): 0.025
Running command ['mount', '--make-private', '/target/sys'] with allowed return codes [0] (capture=False)
Running command ['umount', '/target/sys'] with allowed return codes [0] (capture=False)
Running command ['mount', '--make-private', '/target/run'] with allowed return codes [0] (capture=False)
Running command ['umount', '/target/run'] with allowed return codes [0] (capture=False)
Running command ['mount', '--make-private', '/target/proc'] with allowed return codes [0] (capture=False)
Running command ['umount', '/target/proc'] with allowed return codes [0] (capture=False)
Running command ['mount', '--make-private', '/target/dev'] with allowed return codes [0] (capture=False)
Running command ['umount', '/target/dev'] with allowed return codes [0] (capture=False)
finish: cmd-install/stage-curthooks/builtin/cmd-curthooks/updating-initramfs-configuration: SUCCESS: updating initramfs configuration
start: cmd-install/stage-curthooks/builtin/cmd-curthooks/configuring-bootloader: configuring target system bootloader
start: cmd-install/stage-curthooks/builtin/cmd-curthooks/install-grub: installing grub to target devices
setup grub on target /target
checking: {'ptable': 'msdos', 'path': '/dev/vda', 'wipe': 'superblock-recursive', 'preserve': False, 'name': '', 'grub_device': True, 'type': 'disk', 'id': 'disk-vda'}
get_path_to_storage_volume for volume disk-vda({'ptable': 'msdos', 'path': '/dev/vda', 'wipe': 'superblock-recursive', 'preserve': False, 'name': '', 'grub_device': True, 'type': 'disk', 'id': 'disk-vda'})
Running command ['udevadm', 'info', '--query=property', '--export', '/dev/vda'] with allowed return codes [0] (capture=True)
/dev/vda is multipath device member? False
Running command ['partprobe', '/dev/vda'] with allowed return codes [0, 1] (capture=False)
Running command ['udevadm', 'settle'] with allowed return codes [0] (capture=False)
TIMED udevadm_settle(): 0.023
devsync happy - path /dev/vda now exists
return volume path /dev/vda
install_devices: ['/dev/vda']
Generating grub debconf_selections for devices=['/dev/vda'] uefi=False
Applying grub debconf_selections config:
{'debconf_selections': {'grub': 'grub-pc grub-pc/install_devices multiselect /dev/vda'}}
Applying debconf selections
Running command ['unshare', '--fork', '--pid', '--', 'chroot', '/target', 'debconf-set-selections'] with allowed return codes [0] (capture=True)
Running command ['unshare', '--fork', '--pid', '--', 'chroot', '/target', 'dpkg-query', '--list'] with allowed return codes [0] (capture=True)
The following packages were installed and preseeded, but cannot be unconfigured: ['grub-pc']
installing grub to target=/target devices=['/dev/vda'] [replace_defaults=None]
Running command ['unshare', '--fork', '--pid', '--', 'chroot', '/target', 'dpkg', '--print-architecture'] with allowed return codes [0] (capture=True)
updated /target/etc/default/grub to set: GRUB_CMDLINE_LINUX_DEFAULT=""
Using grub install command: grub-install
Grub install cmds:
[['dpkg-reconfigure', 'grub-pc'], ['update-grub'], ['grub-install', '/dev/vda']]
Running command ['mount', '--bind', '/dev', '/target/dev'] with allowed return codes [0] (capture=False)
Running command ['mount', '--bind', '/proc', '/target/proc'] with allowed return codes [0] (capture=False)
Running command ['mount', '--bind', '/run', '/target/run'] with allowed return codes [0] (capture=False)
Running command ['mount', '--bind', '/sys', '/target/sys'] with allowed return codes [0] (capture=False)
Running command ['unshare', '--fork', '--pid', '--', 'chroot', '/target', 'dpkg-reconfigure', 'grub-pc'] with allowed return codes [0] (capture=True)
Running command ['unshare', '--fork', '--pid', '--', 'chroot', '/target', 'update-grub'] with allowed return codes [0] (capture=True)
Running command ['unshare', '--fork', '--pid', '--', 'chroot', '/target', 'grub-install', '/dev/vda'] with allowed return codes [0] (capture=True)
Running command ['udevadm', 'settle'] with allowed return codes [0] (capture=False)
TIMED subp(['udevadm', 'settle']): 0.020
Running command ['mount', '--make-private', '/target/sys'] with allowed return codes [0] (capture=False)
Running command ['umount', '/target/sys'] with allowed return codes [0] (capture=False)
Running command ['mount', '--make-private', '/target/run'] with allowed return codes [0] (capture=False)
Running command ['umount', '/target/run'] with allowed return codes [0] (capture=False)
Running command ['mount', '--make-private', '/target/proc'] with allowed return codes [0] (capture=False)
Running command ['umount', '/target/proc'] with allowed return codes [0] (capture=False)
Running command ['mount', '--make-private', '/target/dev'] with allowed return codes [0] (capture=False)
Running command ['umount', '/target/dev'] with allowed return codes [0] (capture=False)
finish: cmd-install/stage-curthooks/builtin/cmd-curthooks/install-grub: SUCCESS: installing grub to target devices
finish: cmd-install/stage-curthooks/builtin/cmd-curthooks/configuring-bootloader: SUCCESS: configuring target system bootloader
finish: cmd-install/stage-curthooks/builtin/cmd-curthooks: SUCCESS: curtin command curthooks
start: cmd-install/stage-hook/builtin/cmd-hook: curtin command hook
Finalizing /target
finish: cmd-install/stage-hook/builtin/cmd-hook: SUCCESS: curtin command hook
curtin: Installation finished.
