Log started: 2022-08-05  04:34:49
E: Can not write log (Is /dev/pts mounted?) - posix_openpt (19: No such device)
(Reading database ... 71849 files and directories currently installed.)
Preparing to unpack .../libldap-2.4-2_2.4.49+dfsg-2ubuntu1.9_amd64.deb ...
Unpacking libldap-2.4-2:amd64 (2.4.49+dfsg-2ubuntu1.9) over (2.4.49+dfsg-2ubuntu1.8) ...
Setting up libldap-2.4-2:amd64 (2.4.49+dfsg-2ubuntu1.9) ...
Processing triggers for libc-bin (2.31-0ubuntu9.2) ...
Log ended: 2022-08-05  04:34:54

Log started: 2022-08-05  04:34:55
E: Can not write log (Is /dev/pts mounted?) - posix_openpt (19: No such device)
(Reading database ... 71849 files and directories currently installed.)
Preparing to unpack .../libexpat1_2.2.9-1ubuntu0.4_amd64.deb ...
Unpacking libexpat1:amd64 (2.2.9-1ubuntu0.4) over (2.2.9-1build1) ...
Setting up libexpat1:amd64 (2.2.9-1ubuntu0.4) ...
Processing triggers for libc-bin (2.31-0ubuntu9.2) ...
Log ended: 2022-08-05  04:34:59

Log started: 2022-08-05  04:35:00
E: Can not write log (Is /dev/pts mounted?) - posix_openpt (19: No such device)
(Reading database ... 71849 files and directories currently installed.)
Preparing to unpack .../python3.8_3.8.10-0ubuntu1~20.04.5_amd64.deb ...
Unpacking python3.8 (3.8.10-0ubuntu1~20.04.5) over (3.8.10-0ubuntu1~20.04) ...
Preparing to unpack .../libpython3.8_3.8.10-0ubuntu1~20.04.5_amd64.deb ...
Unpacking libpython3.8:amd64 (3.8.10-0ubuntu1~20.04.5) over (3.8.10-0ubuntu1~20.04) ...
Preparing to unpack .../libpython3.8-stdlib_3.8.10-0ubuntu1~20.04.5_amd64.deb ...
Unpacking libpython3.8-stdlib:amd64 (3.8.10-0ubuntu1~20.04.5) over (3.8.10-0ubuntu1~20.04) ...
Preparing to unpack .../python3.8-minimal_3.8.10-0ubuntu1~20.04.5_amd64.deb ...
Unpacking python3.8-minimal (3.8.10-0ubuntu1~20.04.5) over (3.8.10-0ubuntu1~20.04) ...
Preparing to unpack .../libpython3.8-minimal_3.8.10-0ubuntu1~20.04.5_amd64.deb ...
Unpacking libpython3.8-minimal:amd64 (3.8.10-0ubuntu1~20.04.5) over (3.8.10-0ubuntu1~20.04) ...
Setting up libpython3.8-minimal:amd64 (3.8.10-0ubuntu1~20.04.5) ...
Setting up python3.8-minimal (3.8.10-0ubuntu1~20.04.5) ...
Setting up libpython3.8-stdlib:amd64 (3.8.10-0ubuntu1~20.04.5) ...
Setting up python3.8 (3.8.10-0ubuntu1~20.04.5) ...
Setting up libpython3.8:amd64 (3.8.10-0ubuntu1~20.04.5) ...
Processing triggers for libc-bin (2.31-0ubuntu9.2) ...
Processing triggers for man-db (2.9.1-1) ...
Processing triggers for mime-support (3.64ubuntu1) ...
Log ended: 2022-08-05  04:35:06

Log started: 2022-08-05  04:35:07
E: Can not write log (Is /dev/pts mounted?) - posix_openpt (19: No such device)
(Reading database ... 71849 files and directories currently installed.)
Preparing to unpack .../00-gpg-wks-client_2.2.19-3ubuntu2.2_amd64.deb ...
Unpacking gpg-wks-client (2.2.19-3ubuntu2.2) over (2.2.19-3ubuntu2.1) ...
Preparing to unpack .../01-dirmngr_2.2.19-3ubuntu2.2_amd64.deb ...
Unpacking dirmngr (2.2.19-3ubuntu2.2) over (2.2.19-3ubuntu2.1) ...
Preparing to unpack .../02-gnupg-utils_2.2.19-3ubuntu2.2_amd64.deb ...
Unpacking gnupg-utils (2.2.19-3ubuntu2.2) over (2.2.19-3ubuntu2.1) ...
Preparing to unpack .../03-gpg-wks-server_2.2.19-3ubuntu2.2_amd64.deb ...
Unpacking gpg-wks-server (2.2.19-3ubuntu2.2) over (2.2.19-3ubuntu2.1) ...
Preparing to unpack .../04-gpg-agent_2.2.19-3ubuntu2.2_amd64.deb ...
Unpacking gpg-agent (2.2.19-3ubuntu2.2) over (2.2.19-3ubuntu2.1) ...
Preparing to unpack .../05-gpg_2.2.19-3ubuntu2.2_amd64.deb ...
Unpacking gpg (2.2.19-3ubuntu2.2) over (2.2.19-3ubuntu2.1) ...
Preparing to unpack .../06-gpgconf_2.2.19-3ubuntu2.2_amd64.deb ...
Unpacking gpgconf (2.2.19-3ubuntu2.2) over (2.2.19-3ubuntu2.1) ...
Preparing to unpack .../07-gnupg-l10n_2.2.19-3ubuntu2.2_all.deb ...
Unpacking gnupg-l10n (2.2.19-3ubuntu2.2) over (2.2.19-3ubuntu2.1) ...
Preparing to unpack .../08-gnupg_2.2.19-3ubuntu2.2_all.deb ...
Unpacking gnupg (2.2.19-3ubuntu2.2) over (2.2.19-3ubuntu2.1) ...
Preparing to unpack .../09-gpgsm_2.2.19-3ubuntu2.2_amd64.deb ...
Unpacking gpgsm (2.2.19-3ubuntu2.2) over (2.2.19-3ubuntu2.1) ...
Preparing to unpack .../10-gpgv_2.2.19-3ubuntu2.2_amd64.deb ...
Unpacking gpgv (2.2.19-3ubuntu2.2) over (2.2.19-3ubuntu2.1) ...
Setting up gpgv (2.2.19-3ubuntu2.2) ...
Setting up gnupg-l10n (2.2.19-3ubuntu2.2) ...
Setting up gpgconf (2.2.19-3ubuntu2.2) ...
Setting up gpg (2.2.19-3ubuntu2.2) ...
Setting up gnupg-utils (2.2.19-3ubuntu2.2) ...
Setting up gpg-agent (2.2.19-3ubuntu2.2) ...
Setting up gpgsm (2.2.19-3ubuntu2.2) ...
Setting up dirmngr (2.2.19-3ubuntu2.2) ...
Setting up gpg-wks-server (2.2.19-3ubuntu2.2) ...
Setting up gpg-wks-client (2.2.19-3ubuntu2.2) ...
Setting up gnupg (2.2.19-3ubuntu2.2) ...
Processing triggers for man-db (2.9.1-1) ...
Processing triggers for install-info (6.7.0.dfsg.2-5) ...
Log ended: 2022-08-05  04:35:13

Log started: 2022-08-05  04:35:14
Preconfiguring packages ...
Preconfiguring packages ...
E: Can not write log (Is /dev/pts mounted?) - posix_openpt (19: No such device)
(Reading database ... 71849 files and directories currently installed.)
Preparing to unpack .../cryptsetup-initramfs_2%3a2.2.2-3ubuntu2.4_all.deb ...
Unpacking cryptsetup-initramfs (2:2.2.2-3ubuntu2.4) over (2:2.2.2-3ubuntu2.3) ...
Preparing to unpack .../cryptsetup_2%3a2.2.2-3ubuntu2.4_amd64.deb ...
Unpacking cryptsetup (2:2.2.2-3ubuntu2.4) over (2:2.2.2-3ubuntu2.3) ...
Setting up cryptsetup (2:2.2.2-3ubuntu2.4) ...
Running in chroot, ignoring request: daemon-reload
Running in chroot, ignoring request: daemon-reload
Setting up cryptsetup-initramfs (2:2.2.2-3ubuntu2.4) ...
update-initramfs: deferring update (trigger activated)
update-initramfs: deferring update (trigger activated)
Processing triggers for man-db (2.9.1-1) ...
Processing triggers for systemd (245.4-4ubuntu3.11) ...
Running in chroot, ignoring request: daemon-reload
Processing triggers for initramfs-tools (0.136ubuntu6.6) ...
update-initramfs: Generating /boot/initrd.img-5.4.0-122-generic
Log ended: 2022-08-05  04:35:36

Log started: 2022-08-05  04:35:36
E: Can not write log (Is /dev/pts mounted?) - posix_openpt (19: No such device)
(Reading database ... 71849 files and directories currently installed.)
Preparing to unpack .../libsasl2-modules_2.1.27+dfsg-2ubuntu0.1_amd64.deb ...
Unpacking libsasl2-modules:amd64 (2.1.27+dfsg-2ubuntu0.1) over (2.1.27+dfsg-2) ...
Setting up libsasl2-modules:amd64 (2.1.27+dfsg-2ubuntu0.1) ...
Log ended: 2022-08-05  04:35:40

Log started: 2022-08-05  04:35:41
E: Can not write log (Is /dev/pts mounted?) - posix_openpt (19: No such device)
(Reading database ... 71849 files and directories currently installed.)
Preparing to unpack .../libsqlite3-0_3.31.1-4ubuntu0.3_amd64.deb ...
Unpacking libsqlite3-0:amd64 (3.31.1-4ubuntu0.3) over (3.31.1-4ubuntu0.2) ...
Setting up libsqlite3-0:amd64 (3.31.1-4ubuntu0.3) ...
Processing triggers for libc-bin (2.31-0ubuntu9.2) ...
Log ended: 2022-08-05  04:35:45

Log started: 2022-08-05  04:35:45
E: Can not write log (Is /dev/pts mounted?) - posix_openpt (19: No such device)
(Reading database ... 71849 files and directories currently installed.)
Preparing to unpack .../bash_5.0-6ubuntu1.2_amd64.deb ...
Unpacking bash (5.0-6ubuntu1.2) over (5.0-6ubuntu1.1) ...
Setting up bash (5.0-6ubuntu1.2) ...
update-alternatives: using /usr/share/man/man7/bash-builtins.7.gz to provide /usr/share/man/man7/builtins.7.gz (builtins.7.gz) in auto mode
Processing triggers for install-info (6.7.0.dfsg.2-5) ...
Processing triggers for man-db (2.9.1-1) ...
Log ended: 2022-08-05  04:35:50

Log started: 2022-08-05  04:35:51
E: Can not write log (Is /dev/pts mounted?) - posix_openpt (19: No such device)
(Reading database ... 71849 files and directories currently installed.)
Preparing to unpack .../0-systemd-timesyncd_245.4-4ubuntu3.15_amd64.deb ...
Unpacking systemd-timesyncd (245.4-4ubuntu3.15) over (245.4-4ubuntu3.11) ...
Running in chroot, ignoring request: daemon-reload
Preparing to unpack .../1-systemd-sysv_245.4-4ubuntu3.15_amd64.deb ...
Unpacking systemd-sysv (245.4-4ubuntu3.15) over (245.4-4ubuntu3.11) ...
Preparing to unpack .../2-libnss-systemd_245.4-4ubuntu3.15_amd64.deb ...
Unpacking libnss-systemd:amd64 (245.4-4ubuntu3.15) over (245.4-4ubuntu3.11) ...
Preparing to unpack .../3-libpam-systemd_245.4-4ubuntu3.15_amd64.deb ...
Unpacking libpam-systemd:amd64 (245.4-4ubuntu3.15) over (245.4-4ubuntu3.11) ...
Preparing to unpack .../4-systemd_245.4-4ubuntu3.15_amd64.deb ...
Unpacking systemd (245.4-4ubuntu3.15) over (245.4-4ubuntu3.11) ...
Preparing to unpack .../5-libsystemd0_245.4-4ubuntu3.15_amd64.deb ...
Unpacking libsystemd0:amd64 (245.4-4ubuntu3.15) over (245.4-4ubuntu3.11) ...
Setting up libsystemd0:amd64 (245.4-4ubuntu3.15) ...
Setting up systemd (245.4-4ubuntu3.15) ...
Installing new version of config file /etc/dhcp/dhclient-enter-hooks.d/resolved ...
Running in chroot, ignoring request: daemon-reexec
Running in chroot, ignoring request: try-restart
Running in chroot, ignoring request: try-restart
Running in chroot, ignoring request: try-restart
Setting up systemd-timesyncd (245.4-4ubuntu3.15) ...
Running in chroot, ignoring request: daemon-reload
/usr/sbin/policy-rc.d returned 101, not running 'restart systemd-timesyncd.service'
Setting up systemd-sysv (245.4-4ubuntu3.15) ...
Setting up libnss-systemd:amd64 (245.4-4ubuntu3.15) ...
Setting up libpam-systemd:amd64 (245.4-4ubuntu3.15) ...
Processing triggers for libc-bin (2.31-0ubuntu9.2) ...
Processing triggers for man-db (2.9.1-1) ...
Processing triggers for dbus (1.12.16-2ubuntu2.1) ...
Log ended: 2022-08-05  04:35:57

Log started: 2022-08-05  04:35:58
E: Can not write log (Is /dev/pts mounted?) - posix_openpt (19: No such device)
(Reading database ... 71849 files and directories currently installed.)
Preparing to unpack .../cpio_2.13+dfsg-2ubuntu0.3_amd64.deb ...
Unpacking cpio (2.13+dfsg-2ubuntu0.3) over (2.13+dfsg-2) ...
Setting up cpio (2.13+dfsg-2ubuntu0.3) ...
Processing triggers for man-db (2.9.1-1) ...
Log ended: 2022-08-05  04:36:02

Log started: 2022-08-05  04:36:03
E: Can not write log (Is /dev/pts mounted?) - posix_openpt (19: No such device)
(Reading database ... 71849 files and directories currently installed.)
Preparing to unpack .../networkd-dispatcher_2.1-2~ubuntu20.04.3_all.deb ...
Unpacking networkd-dispatcher (2.1-2~ubuntu20.04.3) over (2.1-2~ubuntu20.04.1) ...
Running in chroot, ignoring request: daemon-reload
Setting up networkd-dispatcher (2.1-2~ubuntu20.04.3) ...
Running in chroot, ignoring request: daemon-reload
/usr/sbin/policy-rc.d returned 101, not running 'restart networkd-dispatcher.service'
Processing triggers for man-db (2.9.1-1) ...
Log ended: 2022-08-05  04:36:07

Log started: 2022-08-05  04:36:08
E: Can not write log (Is /dev/pts mounted?) - posix_openpt (19: No such device)
(Reading database ... 71849 files and directories currently installed.)
Preparing to unpack .../python3-apport_2.20.11-0ubuntu27.24_all.deb ...
Unpacking python3-apport (2.20.11-0ubuntu27.24) over (2.20.11-0ubuntu27.18) ...
Preparing to unpack .../apport_2.20.11-0ubuntu27.24_all.deb ...
Running in chroot, ignoring request.
invoke-rc.d: policy-rc.d denied execution of stop.
/usr/sbin/policy-rc.d returned 101, not running 'stop apport-autoreport.path apport-autoreport.service apport-forward.socket'
Unpacking apport (2.20.11-0ubuntu27.24) over (2.20.11-0ubuntu27.18) ...
Running in chroot, ignoring request: daemon-reload
Setting up python3-apport (2.20.11-0ubuntu27.24) ...
Setting up apport (2.20.11-0ubuntu27.24) ...
Installing new version of config file /etc/init.d/apport ...
Running in chroot, ignoring request: daemon-reload
/usr/sbin/policy-rc.d returned 101, not running 'start apport-autoreport.path apport-autoreport.service apport-forward.socket'
Running in chroot, ignoring request: daemon-reload
Running in chroot, ignoring request.
invoke-rc.d: policy-rc.d denied execution of start.
Processing triggers for man-db (2.9.1-1) ...
Processing triggers for systemd (245.4-4ubuntu3.15) ...
Running in chroot, ignoring request: daemon-reload
Log ended: 2022-08-05  04:36:12

Log started: 2022-08-05  04:36:13
E: Can not write log (Is /dev/pts mounted?) - posix_openpt (19: No such device)
(Reading database ... 71850 files and directories currently installed.)
Preparing to unpack .../cryptsetup-run_2%3a2.2.2-3ubuntu2.4_all.deb ...
Unpacking cryptsetup-run (2:2.2.2-3ubuntu2.4) over (2:2.2.2-3ubuntu2.3) ...
Setting up cryptsetup-run (2:2.2.2-3ubuntu2.4) ...
Log ended: 2022-08-05  04:36:17

Log started: 2022-08-05  04:36:17
E: Can not write log (Is /dev/pts mounted?) - posix_openpt (19: No such device)
(Reading database ... 71850 files and directories currently installed.)
Preparing to unpack .../libarchive13_3.4.0-2ubuntu1.2_amd64.deb ...
Unpacking libarchive13:amd64 (3.4.0-2ubuntu1.2) over (3.4.0-2ubuntu1) ...
Setting up libarchive13:amd64 (3.4.0-2ubuntu1.2) ...
Processing triggers for libc-bin (2.31-0ubuntu9.2) ...
Log ended: 2022-08-05  04:36:21

Log started: 2022-08-05  04:36:22
Preconfiguring packages ...
Preconfiguring packages ...
E: Can not write log (Is /dev/pts mounted?) - posix_openpt (19: No such device)
(Reading database ... 71850 files and directories currently installed.)
Preparing to unpack .../cloud-init_22.2-0ubuntu1~20.04.3_all.deb ...
Unpacking cloud-init (22.2-0ubuntu1~20.04.3) over (21.2-3-g899bfaa9-0ubuntu2~20.04.1) ...
Running in chroot, ignoring request: daemon-reload
Setting up cloud-init (22.2-0ubuntu1~20.04.3) ...
Installing new version of config file /etc/cloud/cloud.cfg ...
Installing new version of config file /etc/cloud/templates/hosts.alpine.tmpl ...
Installing new version of config file /etc/cloud/templates/hosts.debian.tmpl ...
Installing new version of config file /etc/cloud/templates/resolv.conf.tmpl ...
Installing new version of config file /etc/cloud/templates/sources.list.debian.tmpl ...
Created symlink /etc/systemd/system/cloud-init.target.wants/cloud-init-hotplugd.socket → /lib/systemd/system/cloud-init-hotplugd.socket.
Processing triggers for man-db (2.9.1-1) ...
Processing triggers for rsyslog (8.2001.0-1ubuntu1.1) ...
Running in chroot, ignoring request.
invoke-rc.d: policy-rc.d denied execution of try-restart.
Log ended: 2022-08-05  04:36:28

Log started: 2022-08-05  04:36:28
E: Can not write log (Is /dev/pts mounted?) - posix_openpt (19: No such device)
(Reading database ... 71866 files and directories currently installed.)
Preparing to unpack .../libnss3_2%3a3.49.1-1ubuntu1.8_amd64.deb ...
Unpacking libnss3:amd64 (2:3.49.1-1ubuntu1.8) over (2:3.49.1-1ubuntu1.5) ...
Setting up libnss3:amd64 (2:3.49.1-1ubuntu1.8) ...
Processing triggers for libc-bin (2.31-0ubuntu9.2) ...
Log ended: 2022-08-05  04:36:32

Log started: 2022-08-05  04:36:32
E: Can not write log (Is /dev/pts mounted?) - posix_openpt (19: No such device)
(Reading database ... 71866 files and directories currently installed.)
Preparing to unpack .../libicu66_66.1-2ubuntu2.1_amd64.deb ...
Unpacking libicu66:amd64 (66.1-2ubuntu2.1) over (66.1-2ubuntu2) ...
Setting up libicu66:amd64 (66.1-2ubuntu2.1) ...
Processing triggers for libc-bin (2.31-0ubuntu9.2) ...
Log ended: 2022-08-05  04:36:37

Log started: 2022-08-05  04:36:37
E: Can not write log (Is /dev/pts mounted?) - posix_openpt (19: No such device)
(Reading database ... 71866 files and directories currently installed.)
Preparing to unpack .../policykit-1_0.105-26ubuntu1.3_amd64.deb ...
Unpacking policykit-1 (0.105-26ubuntu1.3) over (0.105-26ubuntu1.1) ...
Running in chroot, ignoring request: daemon-reload
Preparing to unpack .../libpolkit-agent-1-0_0.105-26ubuntu1.3_amd64.deb ...
Unpacking libpolkit-agent-1-0:amd64 (0.105-26ubuntu1.3) over (0.105-26ubuntu1.1) ...
Preparing to unpack .../libpolkit-gobject-1-0_0.105-26ubuntu1.3_amd64.deb ...
Unpacking libpolkit-gobject-1-0:amd64 (0.105-26ubuntu1.3) over (0.105-26ubuntu1.1) ...
Setting up libpolkit-gobject-1-0:amd64 (0.105-26ubuntu1.3) ...
Setting up libpolkit-agent-1-0:amd64 (0.105-26ubuntu1.3) ...
Setting up policykit-1 (0.105-26ubuntu1.3) ...
Running in chroot, ignoring request: daemon-reload
/usr/sbin/policy-rc.d returned 101, not running 'try-restart polkit.service'
Processing triggers for man-db (2.9.1-1) ...
Processing triggers for dbus (1.12.16-2ubuntu2.1) ...
Processing triggers for libc-bin (2.31-0ubuntu9.2) ...
Log ended: 2022-08-05  04:36:42

Log started: 2022-08-05  04:36:43
E: Can not write log (Is /dev/pts mounted?) - posix_openpt (19: No such device)
(Reading database ... 71866 files and directories currently installed.)
Preparing to unpack .../libdrm-common_2.4.107-8ubuntu1~20.04.2_all.deb ...
Unpacking libdrm-common (2.4.107-8ubuntu1~20.04.2) over (2.4.105-3~20.04.1) ...
Setting up libdrm-common (2.4.107-8ubuntu1~20.04.2) ...
Log ended: 2022-08-05  04:36:47

Log started: 2022-08-05  04:36:47
E: Can not write log (Is /dev/pts mounted?) - posix_openpt (19: No such device)
(Reading database ... 71866 files and directories currently installed.)
Preparing to unpack .../tcpdump_4.9.3-4ubuntu0.1_amd64.deb ...
Unpacking tcpdump (4.9.3-4ubuntu0.1) over (4.9.3-4) ...
Setting up tcpdump (4.9.3-4ubuntu0.1) ...
Processing triggers for man-db (2.9.1-1) ...
Log ended: 2022-08-05  04:36:52

Log started: 2022-08-05  04:36:52
E: Can not write log (Is /dev/pts mounted?) - posix_openpt (19: No such device)
(Reading database ... 71866 files and directories currently installed.)
Preparing to unpack .../libcom-err2_1.45.5-2ubuntu1.1_amd64.deb ...
Unpacking libcom-err2:amd64 (1.45.5-2ubuntu1.1) over (1.45.5-2ubuntu1) ...
Setting up libcom-err2:amd64 (1.45.5-2ubuntu1.1) ...
Processing triggers for libc-bin (2.31-0ubuntu9.2) ...
Log ended: 2022-08-05  04:36:57

Log started: 2022-08-05  04:36:57
E: Can not write log (Is /dev/pts mounted?) - posix_openpt (19: No such device)
(Reading database ... 71866 files and directories currently installed.)
Preparing to unpack .../libpcre3_2%3a8.39-12ubuntu0.1_amd64.deb ...
Unpacking libpcre3:amd64 (2:8.39-12ubuntu0.1) over (2:8.39-12build1) ...
Setting up libpcre3:amd64 (2:8.39-12ubuntu0.1) ...
Processing triggers for man-db (2.9.1-1) ...
Processing triggers for libc-bin (2.31-0ubuntu9.2) ...
Log ended: 2022-08-05  04:37:01

Log started: 2022-08-05  04:37:03
E: Can not write log (Is /dev/pts mounted?) - posix_openpt (19: No such device)
(Reading database ... 71866 files and directories currently installed.)
Preparing to unpack .../udev_245.4-4ubuntu3.15_amd64.deb ...
Unpacking udev (245.4-4ubuntu3.15) over (245.4-4ubuntu3.11) ...
Preparing to unpack .../libudev1_245.4-4ubuntu3.15_amd64.deb ...
Unpacking libudev1:amd64 (245.4-4ubuntu3.15) over (245.4-4ubuntu3.11) ...
Setting up libudev1:amd64 (245.4-4ubuntu3.15) ...
Setting up udev (245.4-4ubuntu3.15) ...
A chroot environment has been detected, udev not started.
update-initramfs: deferring update (trigger activated)
Running in chroot, ignoring request: daemon-reload
Processing triggers for systemd (245.4-4ubuntu3.15) ...
Running in chroot, ignoring request: daemon-reload
Processing triggers for man-db (2.9.1-1) ...
Processing triggers for libc-bin (2.31-0ubuntu9.2) ...
Processing triggers for initramfs-tools (0.136ubuntu6.6) ...
update-initramfs: Generating /boot/initrd.img-5.4.0-122-generic
Log ended: 2022-08-05  04:37:26

Log started: 2022-08-05  04:37:26
E: Can not write log (Is /dev/pts mounted?) - posix_openpt (19: No such device)
(Reading database ... 71867 files and directories currently installed.)
Preparing to unpack .../cryptsetup-bin_2%3a2.2.2-3ubuntu2.4_amd64.deb ...
Unpacking cryptsetup-bin (2:2.2.2-3ubuntu2.4) over (2:2.2.2-3ubuntu2.3) ...
Setting up cryptsetup-bin (2:2.2.2-3ubuntu2.4) ...
Processing triggers for man-db (2.9.1-1) ...
Log ended: 2022-08-05  04:37:30

Log started: 2022-08-05  04:37:30
E: Can not write log (Is /dev/pts mounted?) - posix_openpt (19: No such device)
(Reading database ... 71867 files and directories currently installed.)
Preparing to unpack .../libext2fs2_1.45.5-2ubuntu1.1_amd64.deb ...
Unpacking libext2fs2:amd64 (1.45.5-2ubuntu1.1) over (1.45.5-2ubuntu1) ...
Setting up libext2fs2:amd64 (1.45.5-2ubuntu1.1) ...
(Reading database ... 71867 files and directories currently installed.)
Preparing to unpack .../e2fsprogs_1.45.5-2ubuntu1.1_amd64.deb ...
Unpacking e2fsprogs (1.45.5-2ubuntu1.1) over (1.45.5-2ubuntu1) ...
Running in chroot, ignoring request: daemon-reload
Setting up e2fsprogs (1.45.5-2ubuntu1.1) ...
update-initramfs: deferring update (trigger activated)
Running in chroot, ignoring request: daemon-reload
/usr/sbin/policy-rc.d returned 101, not running 'restart e2scrub_all.service e2scrub_all.timer e2scrub_reap.service'
Processing triggers for libc-bin (2.31-0ubuntu9.2) ...
Processing triggers for man-db (2.9.1-1) ...
Processing triggers for initramfs-tools (0.136ubuntu6.6) ...
update-initramfs: Generating /boot/initrd.img-5.4.0-122-generic
Log ended: 2022-08-05  04:37:52

Log started: 2022-08-05  04:37:52
Preconfiguring packages ...
Preconfiguring packages ...
E: Can not write log (Is /dev/pts mounted?) - posix_openpt (19: No such device)
(Reading database ... 71867 files and directories currently installed.)
Preparing to unpack .../tzdata_2022a-0ubuntu0.20.04_all.deb ...
Unpacking tzdata (2022a-0ubuntu0.20.04) over (2021a-0ubuntu0.20.04) ...
Setting up tzdata (2022a-0ubuntu0.20.04) ...

Current default time zone: 'Etc/UTC'
Local time is now:      Fri Aug  5 04:37:53 UTC 2022.
Universal Time is now:  Fri Aug  5 04:37:53 UTC 2022.
Run 'dpkg-reconfigure tzdata' if you wish to change it.

Log ended: 2022-08-05  04:37:57

Log started: 2022-08-05  04:37:57
E: Can not write log (Is /dev/pts mounted?) - posix_openpt (19: No such device)
(Reading database ... 71870 files and directories currently installed.)
Preparing to unpack .../python3-twisted-bin_18.9.0-11ubuntu0.20.04.2_amd64.deb ...
Unpacking python3-twisted-bin:amd64 (18.9.0-11ubuntu0.20.04.2) over (18.9.0-11ubuntu0.20.04.1) ...
Setting up python3-twisted-bin:amd64 (18.9.0-11ubuntu0.20.04.2) ...
Log ended: 2022-08-05  04:38:01

Log started: 2022-08-05  04:38:01
E: Can not write log (Is /dev/pts mounted?) - posix_openpt (19: No such device)
(Reading database ... 71870 files and directories currently installed.)
Preparing to unpack .../git-man_1%3a2.25.1-1ubuntu3.5_all.deb ...
Unpacking git-man (1:2.25.1-1ubuntu3.5) over (1:2.25.1-1ubuntu3.1) ...
Setting up git-man (1:2.25.1-1ubuntu3.5) ...
Processing triggers for man-db (2.9.1-1) ...
Log ended: 2022-08-05  04:38:07

Log started: 2022-08-05  04:38:07
E: Can not write log (Is /dev/pts mounted?) - posix_openpt (19: No such device)
(Reading database ... 71870 files and directories currently installed.)
Preparing to unpack .../python3-jwt_1.7.1-2ubuntu2.1_all.deb ...
Unpacking python3-jwt (1.7.1-2ubuntu2.1) over (1.7.1-2ubuntu2) ...
Setting up python3-jwt (1.7.1-2ubuntu2.1) ...
Processing triggers for man-db (2.9.1-1) ...
Log ended: 2022-08-05  04:38:11

Log started: 2022-08-05  04:38:11
E: Can not write log (Is /dev/pts mounted?) - posix_openpt (19: No such device)
(Reading database ... 71870 files and directories currently installed.)
Preparing to unpack .../bind9-host_1%3a9.16.1-0ubuntu2.10_amd64.deb ...
Unpacking bind9-host (1:9.16.1-0ubuntu2.10) over (1:9.16.1-0ubuntu2.8) ...
Setting up bind9-host (1:9.16.1-0ubuntu2.10) ...
Processing triggers for man-db (2.9.1-1) ...
Log ended: 2022-08-05  04:38:16

Log started: 2022-08-05  04:38:16
E: Can not write log (Is /dev/pts mounted?) - posix_openpt (19: No such device)
(Reading database ... 71870 files and directories currently installed.)
Preparing to unpack .../vim_2%3a8.1.2269-1ubuntu5.7_amd64.deb ...
Unpacking vim (2:8.1.2269-1ubuntu5.7) over (2:8.1.2269-1ubuntu5) ...
Preparing to unpack .../vim-tiny_2%3a8.1.2269-1ubuntu5.7_amd64.deb ...
Unpacking vim-tiny (2:8.1.2269-1ubuntu5.7) over (2:8.1.2269-1ubuntu5) ...
Preparing to unpack .../vim-runtime_2%3a8.1.2269-1ubuntu5.7_all.deb ...
Unpacking vim-runtime (2:8.1.2269-1ubuntu5.7) over (2:8.1.2269-1ubuntu5) ...
Preparing to unpack .../vim-common_2%3a8.1.2269-1ubuntu5.7_all.deb ...
Unpacking vim-common (2:8.1.2269-1ubuntu5.7) over (2:8.1.2269-1ubuntu5) ...
Setting up vim-common (2:8.1.2269-1ubuntu5.7) ...
Setting up vim-runtime (2:8.1.2269-1ubuntu5.7) ...
Setting up vim (2:8.1.2269-1ubuntu5.7) ...
Setting up vim-tiny (2:8.1.2269-1ubuntu5.7) ...
Processing triggers for mime-support (3.64ubuntu1) ...
Processing triggers for man-db (2.9.1-1) ...
Log ended: 2022-08-05  04:38:21

Log started: 2022-08-05  04:38:22
E: Can not write log (Is /dev/pts mounted?) - posix_openpt (19: No such device)
(Reading database ... 71870 files and directories currently installed.)
Preparing to unpack .../klibc-utils_2.0.7-1ubuntu5.1_amd64.deb ...
Unpacking klibc-utils (2.0.7-1ubuntu5.1) over (2.0.7-1ubuntu5) ...
Preparing to unpack .../libklibc_2.0.7-1ubuntu5.1_amd64.deb ...
Unpacking libklibc:amd64 (2.0.7-1ubuntu5.1) over (2.0.7-1ubuntu5) ...
Setting up libklibc:amd64 (2.0.7-1ubuntu5.1) ...
Setting up klibc-utils (2.0.7-1ubuntu5.1) ...
Processing triggers for initramfs-tools (0.136ubuntu6.6) ...
update-initramfs: Generating /boot/initrd.img-5.4.0-122-generic
Log ended: 2022-08-05  04:38:42

Log started: 2022-08-05  04:38:42
E: Can not write log (Is /dev/pts mounted?) - posix_openpt (19: No such device)
(Reading database ... 71870 files and directories currently installed.)
Preparing to unpack .../dbus_1.12.16-2ubuntu2.2_amd64.deb ...
Unpacking dbus (1.12.16-2ubuntu2.2) over (1.12.16-2ubuntu2.1) ...
Preparing to unpack .../libdbus-1-3_1.12.16-2ubuntu2.2_amd64.deb ...
Unpacking libdbus-1-3:amd64 (1.12.16-2ubuntu2.2) over (1.12.16-2ubuntu2.1) ...
Setting up libdbus-1-3:amd64 (1.12.16-2ubuntu2.2) ...
Setting up dbus (1.12.16-2ubuntu2.2) ...
Running in chroot, ignoring request: daemon-reload
Running in chroot, ignoring request: try-restart
Processing triggers for systemd (245.4-4ubuntu3.15) ...
Running in chroot, ignoring request: daemon-reload
Processing triggers for man-db (2.9.1-1) ...
Processing triggers for libc-bin (2.31-0ubuntu9.2) ...
Log ended: 2022-08-05  04:38:47

Log started: 2022-08-05  04:38:47
E: Can not write log (Is /dev/pts mounted?) - posix_openpt (19: No such device)
(Reading database ... 71870 files and directories currently installed.)
Preparing to unpack .../libtdb1_1.4.3-0ubuntu0.20.04.1_amd64.deb ...
Unpacking libtdb1:amd64 (1.4.3-0ubuntu0.20.04.1) over (1.4.2-3build1) ...
Setting up libtdb1:amd64 (1.4.3-0ubuntu0.20.04.1) ...
Processing triggers for libc-bin (2.31-0ubuntu9.2) ...
Log ended: 2022-08-05  04:38:51

Log started: 2022-08-05  04:38:51
E: Can not write log (Is /dev/pts mounted?) - posix_openpt (19: No such device)
(Reading database ... 71870 files and directories currently installed.)
Preparing to unpack .../libblkid1_2.34-0.1ubuntu9.3_amd64.deb ...
Unpacking libblkid1:amd64 (2.34-0.1ubuntu9.3) over (2.34-0.1ubuntu9.1) ...
Setting up libblkid1:amd64 (2.34-0.1ubuntu9.3) ...
Processing triggers for libc-bin (2.31-0ubuntu9.2) ...
Log ended: 2022-08-05  04:38:55

Log started: 2022-08-05  04:38:56
E: Can not write log (Is /dev/pts mounted?) - posix_openpt (19: No such device)
(Reading database ... 71870 files and directories currently installed.)
Preparing to unpack .../libmount1_2.34-0.1ubuntu9.3_amd64.deb ...
Unpacking libmount1:amd64 (2.34-0.1ubuntu9.3) over (2.34-0.1ubuntu9.1) ...
Setting up libmount1:amd64 (2.34-0.1ubuntu9.3) ...
Processing triggers for libc-bin (2.31-0ubuntu9.2) ...
Log ended: 2022-08-05  04:39:00

Log started: 2022-08-05  04:39:00
E: Can not write log (Is /dev/pts mounted?) - posix_openpt (19: No such device)
(Reading database ... 71870 files and directories currently installed.)
Preparing to unpack .../bsdutils_1%3a2.34-0.1ubuntu9.3_amd64.deb ...
Unpacking bsdutils (1:2.34-0.1ubuntu9.3) over (1:2.34-0.1ubuntu9.1) ...
Setting up bsdutils (1:2.34-0.1ubuntu9.3) ...
Processing triggers for man-db (2.9.1-1) ...
Log ended: 2022-08-05  04:39:05

Log started: 2022-08-05  04:39:05
Preconfiguring packages ...
Preconfiguring packages ...
E: Can not write log (Is /dev/pts mounted?) - posix_openpt (19: No such device)
(Reading database ... 71870 files and directories currently installed.)
Preparing to unpack .../libssl1.1_1.1.1f-1ubuntu2.16_amd64.deb ...
Unpacking libssl1.1:amd64 (1.1.1f-1ubuntu2.16) over (1.1.1f-1ubuntu2.5) ...
Setting up libssl1.1:amd64 (1.1.1f-1ubuntu2.16) ...
Processing triggers for libc-bin (2.31-0ubuntu9.2) ...
Log ended: 2022-08-05  04:39:10

Log started: 2022-08-05  04:39:11
Preconfiguring packages ...
Preconfiguring packages ...
E: Can not write log (Is /dev/pts mounted?) - posix_openpt (19: No such device)
(Reading database ... 71870 files and directories currently installed.)
Preparing to unpack .../libc6_2.31-0ubuntu9.7_amd64.deb ...
Unpacking libc6:amd64 (2.31-0ubuntu9.7) over (2.31-0ubuntu9.2) ...
Setting up libc6:amd64 (2.31-0ubuntu9.7) ...
Processing triggers for libc-bin (2.31-0ubuntu9.2) ...
Log ended: 2022-08-05  04:39:16

Log started: 2022-08-05  04:39:16
E: Can not write log (Is /dev/pts mounted?) - posix_openpt (19: No such device)
(Reading database ... 71870 files and directories currently installed.)
Preparing to unpack .../git_1%3a2.25.1-1ubuntu3.5_amd64.deb ...
Unpacking git (1:2.25.1-1ubuntu3.5) over (1:2.25.1-1ubuntu3.1) ...
Setting up git (1:2.25.1-1ubuntu3.5) ...
Log ended: 2022-08-05  04:39:21

Log started: 2022-08-05  04:39:21
E: Can not write log (Is /dev/pts mounted?) - posix_openpt (19: No such device)
(Reading database ... 71870 files and directories currently installed.)
Preparing to unpack .../libfdisk1_2.34-0.1ubuntu9.3_amd64.deb ...
Unpacking libfdisk1:amd64 (2.34-0.1ubuntu9.3) over (2.34-0.1ubuntu9.1) ...
Setting up libfdisk1:amd64 (2.34-0.1ubuntu9.3) ...
Processing triggers for libc-bin (2.31-0ubuntu9.2) ...
Log ended: 2022-08-05  04:39:26

Log started: 2022-08-05  04:39:26
E: Can not write log (Is /dev/pts mounted?) - posix_openpt (19: No such device)
(Reading database ... 71870 files and directories currently installed.)
Preparing to unpack .../mount_2.34-0.1ubuntu9.3_amd64.deb ...
Unpacking mount (2.34-0.1ubuntu9.3) over (2.34-0.1ubuntu9.1) ...
Setting up mount (2.34-0.1ubuntu9.3) ...
Processing triggers for man-db (2.9.1-1) ...
Log ended: 2022-08-05  04:39:30

Log started: 2022-08-05  04:39:31
E: Can not write log (Is /dev/pts mounted?) - posix_openpt (19: No such device)
(Reading database ... 71870 files and directories currently installed.)
Preparing to unpack .../libssh-4_0.9.3-2ubuntu2.2_amd64.deb ...
Unpacking libssh-4:amd64 (0.9.3-2ubuntu2.2) over (0.9.3-2ubuntu2.1) ...
Setting up libssh-4:amd64 (0.9.3-2ubuntu2.2) ...
Processing triggers for libc-bin (2.31-0ubuntu9.2) ...
Log ended: 2022-08-05  04:39:35

Log started: 2022-08-05  04:39:36
E: Can not write log (Is /dev/pts mounted?) - posix_openpt (19: No such device)
(Reading database ... 71870 files and directories currently installed.)
Preparing to unpack .../uuid-runtime_2.34-0.1ubuntu9.3_amd64.deb ...
Unpacking uuid-runtime (2.34-0.1ubuntu9.3) over (2.34-0.1ubuntu9.1) ...
Setting up uuid-runtime (2.34-0.1ubuntu9.3) ...
Running in chroot, ignoring request: daemon-reload
Running in chroot, ignoring request.
invoke-rc.d: policy-rc.d denied execution of restart.
Processing triggers for man-db (2.9.1-1) ...
Processing triggers for systemd (245.4-4ubuntu3.15) ...
Running in chroot, ignoring request: daemon-reload
Log ended: 2022-08-05  04:39:40

Log started: 2022-08-05  04:39:41
E: Can not write log (Is /dev/pts mounted?) - posix_openpt (19: No such device)
(Reading database ... 71870 files and directories currently installed.)
Preparing to unpack .../bind9-dnsutils_1%3a9.16.1-0ubuntu2.10_amd64.deb ...
Unpacking bind9-dnsutils (1:9.16.1-0ubuntu2.10) over (1:9.16.1-0ubuntu2.8) ...
Preparing to unpack .../bind9-libs_1%3a9.16.1-0ubuntu2.10_amd64.deb ...
Unpacking bind9-libs:amd64 (1:9.16.1-0ubuntu2.10) over (1:9.16.1-0ubuntu2.8) ...
Setting up bind9-libs:amd64 (1:9.16.1-0ubuntu2.10) ...
Setting up bind9-dnsutils (1:9.16.1-0ubuntu2.10) ...
Processing triggers for man-db (2.9.1-1) ...
Processing triggers for libc-bin (2.31-0ubuntu9.2) ...
Log ended: 2022-08-05  04:39:45

Log started: 2022-08-05  04:39:46
E: Can not write log (Is /dev/pts mounted?) - posix_openpt (19: No such device)
(Reading database ... 71870 files and directories currently installed.)
Preparing to unpack .../logsave_1.45.5-2ubuntu1.1_amd64.deb ...
Unpacking logsave (1.45.5-2ubuntu1.1) over (1.45.5-2ubuntu1) ...
Setting up logsave (1.45.5-2ubuntu1.1) ...
Processing triggers for man-db (2.9.1-1) ...
Log ended: 2022-08-05  04:39:50

Log started: 2022-08-05  04:39:51
E: Can not write log (Is /dev/pts mounted?) - posix_openpt (19: No such device)
(Reading database ... 71870 files and directories currently installed.)
Preparing to unpack .../xxd_2%3a8.1.2269-1ubuntu5.7_amd64.deb ...
Unpacking xxd (2:8.1.2269-1ubuntu5.7) over (2:8.1.2269-1ubuntu5) ...
Setting up xxd (2:8.1.2269-1ubuntu5.7) ...
Processing triggers for man-db (2.9.1-1) ...
Log ended: 2022-08-05  04:39:55

Log started: 2022-08-05  04:39:56
E: Can not write log (Is /dev/pts mounted?) - posix_openpt (19: No such device)
(Reading database ... 71870 files and directories currently installed.)
Preparing to unpack .../libgcrypt20_1.8.5-5ubuntu1.1_amd64.deb ...
Unpacking libgcrypt20:amd64 (1.8.5-5ubuntu1.1) over (1.8.5-5ubuntu1) ...
Setting up libgcrypt20:amd64 (1.8.5-5ubuntu1.1) ...
Processing triggers for libc-bin (2.31-0ubuntu9.2) ...
Log ended: 2022-08-05  04:40:00

Log started: 2022-08-05  04:40:00
E: Can not write log (Is /dev/pts mounted?) - posix_openpt (19: No such device)
(Reading database ... 71870 files and directories currently installed.)
Preparing to unpack .../libxml2_2.9.10+dfsg-5ubuntu0.20.04.4_amd64.deb ...
Unpacking libxml2:amd64 (2.9.10+dfsg-5ubuntu0.20.04.4) over (2.9.10+dfsg-5ubuntu0.20.04.1) ...
Setting up libxml2:amd64 (2.9.10+dfsg-5ubuntu0.20.04.4) ...
Processing triggers for libc-bin (2.31-0ubuntu9.2) ...
Log ended: 2022-08-05  04:40:05

Log started: 2022-08-05  04:40:05
E: Can not write log (Is /dev/pts mounted?) - posix_openpt (19: No such device)
(Reading database ... 71870 files and directories currently installed.)
Preparing to unpack .../libsmartcols1_2.34-0.1ubuntu9.3_amd64.deb ...
Unpacking libsmartcols1:amd64 (2.34-0.1ubuntu9.3) over (2.34-0.1ubuntu9.1) ...
Setting up libsmartcols1:amd64 (2.34-0.1ubuntu9.3) ...
Processing triggers for libc-bin (2.31-0ubuntu9.2) ...
Log ended: 2022-08-05  04:40:09

Log started: 2022-08-05  04:40:10
E: Can not write log (Is /dev/pts mounted?) - posix_openpt (19: No such device)
(Reading database ... 71870 files and directories currently installed.)
Preparing to unpack .../dpkg_1.19.7ubuntu3.2_amd64.deb ...
Unpacking dpkg (1.19.7ubuntu3.2) over (1.19.7ubuntu3) ...
Setting up dpkg (1.19.7ubuntu3.2) ...
Processing triggers for man-db (2.9.1-1) ...
Log ended: 2022-08-05  04:40:15

Log started: 2022-08-05  04:40:15
E: Can not write log (Is /dev/pts mounted?) - posix_openpt (19: No such device)
(Reading database ... 71870 files and directories currently installed.)
Preparing to unpack .../libfribidi0_1.0.8-2ubuntu0.1_amd64.deb ...
Unpacking libfribidi0:amd64 (1.0.8-2ubuntu0.1) over (1.0.8-2) ...
Setting up libfribidi0:amd64 (1.0.8-2ubuntu0.1) ...
Processing triggers for libc-bin (2.31-0ubuntu9.2) ...
Log ended: 2022-08-05  04:40:19

Log started: 2022-08-05  04:40:20
E: Can not write log (Is /dev/pts mounted?) - posix_openpt (19: No such device)
(Reading database ... 71870 files and directories currently installed.)
Preparing to unpack .../rsync_3.1.3-8ubuntu0.3_amd64.deb ...
Unpacking rsync (3.1.3-8ubuntu0.3) over (3.1.3-8) ...
Running in chroot, ignoring request: daemon-reload
Setting up rsync (3.1.3-8ubuntu0.3) ...
Running in chroot, ignoring request: daemon-reload
Running in chroot, ignoring request.
invoke-rc.d: policy-rc.d denied execution of restart.
Running in chroot, ignoring request: daemon-reload
/usr/sbin/policy-rc.d returned 101, not running 'restart rsync.service'
Processing triggers for man-db (2.9.1-1) ...
Processing triggers for systemd (245.4-4ubuntu3.15) ...
Running in chroot, ignoring request: daemon-reload
Log ended: 2022-08-05  04:40:24

Log started: 2022-08-05  04:40:25
E: Can not write log (Is /dev/pts mounted?) - posix_openpt (19: No such device)
(Reading database ... 71870 files and directories currently installed.)
Preparing to unpack .../libsasl2-modules-db_2.1.27+dfsg-2ubuntu0.1_amd64.deb ...
Unpacking libsasl2-modules-db:amd64 (2.1.27+dfsg-2ubuntu0.1) over (2.1.27+dfsg-2) ...
Preparing to unpack .../libsasl2-2_2.1.27+dfsg-2ubuntu0.1_amd64.deb ...
Unpacking libsasl2-2:amd64 (2.1.27+dfsg-2ubuntu0.1) over (2.1.27+dfsg-2) ...
Setting up libsasl2-modules-db:amd64 (2.1.27+dfsg-2ubuntu0.1) ...
Setting up libsasl2-2:amd64 (2.1.27+dfsg-2ubuntu0.1) ...
Processing triggers for libc-bin (2.31-0ubuntu9.2) ...
Log ended: 2022-08-05  04:40:29

Log started: 2022-08-05  04:40:29
E: Can not write log (Is /dev/pts mounted?) - posix_openpt (19: No such device)
(Reading database ... 71870 files and directories currently installed.)
Preparing to unpack .../squashfs-tools_1%3a4.4-1ubuntu0.3_amd64.deb ...
Unpacking squashfs-tools (1:4.4-1ubuntu0.3) over (1:4.4-1) ...
Setting up squashfs-tools (1:4.4-1ubuntu0.3) ...
Processing triggers for man-db (2.9.1-1) ...
Log ended: 2022-08-05  04:40:34

Log started: 2022-08-05  04:40:34
E: Can not write log (Is /dev/pts mounted?) - posix_openpt (19: No such device)
(Reading database ... 71870 files and directories currently installed.)
Preparing to unpack .../openssl_1.1.1f-1ubuntu2.16_amd64.deb ...
Unpacking openssl (1.1.1f-1ubuntu2.16) over (1.1.1f-1ubuntu2.5) ...
Setting up openssl (1.1.1f-1ubuntu2.16) ...
Processing triggers for man-db (2.9.1-1) ...
Log ended: 2022-08-05  04:40:39

Log started: 2022-08-05  04:40:40
E: Can not write log (Is /dev/pts mounted?) - posix_openpt (19: No such device)
(Reading database ... 71870 files and directories currently installed.)
Preparing to unpack .../tar_1.30+dfsg-7ubuntu0.20.04.2_amd64.deb ...
Unpacking tar (1.30+dfsg-7ubuntu0.20.04.2) over (1.30+dfsg-7ubuntu0.20.04.1) ...
Setting up tar (1.30+dfsg-7ubuntu0.20.04.2) ...
Processing triggers for man-db (2.9.1-1) ...
Processing triggers for mime-support (3.64ubuntu1) ...
Log ended: 2022-08-05  04:40:44

Log started: 2022-08-05  04:40:45
Preconfiguring packages ...
Preconfiguring packages ...
E: Can not write log (Is /dev/pts mounted?) - posix_openpt (19: No such device)
(Reading database ... 71870 files and directories currently installed.)
Preparing to unpack .../ca-certificates_20211016~20.04.1_all.deb ...
Unpacking ca-certificates (20211016~20.04.1) over (20210119~20.04.1) ...
Setting up ca-certificates (20211016~20.04.1) ...
Updating certificates in /etc/ssl/certs...
rehash: warning: skipping ca-certificates.crt,it does not contain exactly one certificate or CRL
7 added, 9 removed; done.
Processing triggers for man-db (2.9.1-1) ...
Processing triggers for ca-certificates (20211016~20.04.1) ...
Updating certificates in /etc/ssl/certs...
0 added, 0 removed; done.
Running hooks in /etc/ca-certificates/update.d...
done.
Log ended: 2022-08-05  04:40:53

Log started: 2022-08-05  04:40:53
E: Can not write log (Is /dev/pts mounted?) - posix_openpt (19: No such device)
(Reading database ... 71868 files and directories currently installed.)
Preparing to unpack .../python3-problem-report_2.20.11-0ubuntu27.24_all.deb ...
Unpacking python3-problem-report (2.20.11-0ubuntu27.24) over (2.20.11-0ubuntu27.18) ...
Setting up python3-problem-report (2.20.11-0ubuntu27.24) ...
Log ended: 2022-08-05  04:40:57

Log started: 2022-08-05  04:40:58
E: Can not write log (Is /dev/pts mounted?) - posix_openpt (19: No such device)
(Reading database ... 71868 files and directories currently installed.)
Preparing to unpack .../accountsservice_0.6.55-0ubuntu12~20.04.5_amd64.deb ...
Unpacking accountsservice (0.6.55-0ubuntu12~20.04.5) over (0.6.55-0ubuntu12~20.04.4) ...
Running in chroot, ignoring request: daemon-reload
Preparing to unpack .../libaccountsservice0_0.6.55-0ubuntu12~20.04.5_amd64.deb ...
Unpacking libaccountsservice0:amd64 (0.6.55-0ubuntu12~20.04.5) over (0.6.55-0ubuntu12~20.04.4) ...
Setting up libaccountsservice0:amd64 (0.6.55-0ubuntu12~20.04.5) ...
Setting up accountsservice (0.6.55-0ubuntu12~20.04.5) ...
Running in chroot, ignoring request: daemon-reload
/usr/sbin/policy-rc.d returned 101, not running 'restart accounts-daemon.service'
Processing triggers for dbus (1.12.16-2ubuntu2.2) ...
Processing triggers for libc-bin (2.31-0ubuntu9.2) ...
Log ended: 2022-08-05  04:41:03

Log started: 2022-08-05  04:41:04
Preconfiguring packages ...
Preconfiguring packages ...
E: Can not write log (Is /dev/pts mounted?) - posix_openpt (19: No such device)
(Reading database ... 71868 files and directories currently installed.)
Preparing to unpack .../locales_2.31-0ubuntu9.7_all.deb ...
Unpacking locales (2.31-0ubuntu9.7) over (2.31-0ubuntu9.2) ...
Setting up locales (2.31-0ubuntu9.7) ...
Generating locales (this might take a while)...
Generation complete.
Processing triggers for man-db (2.9.1-1) ...
Log ended: 2022-08-05  04:41:10

Log started: 2022-08-05  04:41:11
E: Can not write log (Is /dev/pts mounted?) - posix_openpt (19: No such device)
(Reading database ... 71868 files and directories currently installed.)
Preparing to unpack .../ntfs-3g_1%3a2017.3.23AR.3-3ubuntu1.2_amd64.deb ...
Unpacking ntfs-3g (1:2017.3.23AR.3-3ubuntu1.2) over (1:2017.3.23AR.3-3ubuntu1) ...
Preparing to unpack .../libntfs-3g883_1%3a2017.3.23AR.3-3ubuntu1.2_amd64.deb ...
Unpacking libntfs-3g883 (1:2017.3.23AR.3-3ubuntu1.2) over (1:2017.3.23AR.3-3ubuntu1) ...
Setting up libntfs-3g883 (1:2017.3.23AR.3-3ubuntu1.2) ...
Setting up ntfs-3g (1:2017.3.23AR.3-3ubuntu1.2) ...
Processing triggers for libc-bin (2.31-0ubuntu9.2) ...
Processing triggers for man-db (2.9.1-1) ...
Processing triggers for initramfs-tools (0.136ubuntu6.6) ...
update-initramfs: Generating /boot/initrd.img-5.4.0-122-generic
Log ended: 2022-08-05  04:41:36

Log started: 2022-08-05  04:41:36
E: Can not write log (Is /dev/pts mounted?) - posix_openpt (19: No such device)
(Reading database ... 71868 files and directories currently installed.)
Preparing to unpack .../gzip_1.10-0ubuntu4.1_amd64.deb ...
Unpacking gzip (1.10-0ubuntu4.1) over (1.10-0ubuntu4) ...
Setting up gzip (1.10-0ubuntu4.1) ...
Processing triggers for install-info (6.7.0.dfsg.2-5) ...
Processing triggers for man-db (2.9.1-1) ...
Log ended: 2022-08-05  04:41:41

Log started: 2022-08-05  04:41:42
E: Can not write log (Is /dev/pts mounted?) - posix_openpt (19: No such device)
(Reading database ... 71868 files and directories currently installed.)
Preparing to unpack .../libss2_1.45.5-2ubuntu1.1_amd64.deb ...
Unpacking libss2:amd64 (1.45.5-2ubuntu1.1) over (1.45.5-2ubuntu1) ...
Setting up libss2:amd64 (1.45.5-2ubuntu1.1) ...
Processing triggers for libc-bin (2.31-0ubuntu9.2) ...
Log ended: 2022-08-05  04:41:46

Log started: 2022-08-05  04:41:46
E: Can not write log (Is /dev/pts mounted?) - posix_openpt (19: No such device)
(Reading database ... 71868 files and directories currently installed.)
Preparing to unpack .../distro-info-data_0.43ubuntu1.10_all.deb ...
Unpacking distro-info-data (0.43ubuntu1.10) over (0.43ubuntu1.6) ...
Setting up distro-info-data (0.43ubuntu1.10) ...
Log ended: 2022-08-05  04:41:51

Log started: 2022-08-05  04:41:52
E: Can not write log (Is /dev/pts mounted?) - posix_openpt (19: No such device)
(Reading database ... 71868 files and directories currently installed.)
Preparing to unpack .../zlib1g_1%3a1.2.11.dfsg-2ubuntu1.3_amd64.deb ...
Unpacking zlib1g:amd64 (1:1.2.11.dfsg-2ubuntu1.3) over (1:1.2.11.dfsg-2ubuntu1.2) ...
Setting up zlib1g:amd64 (1:1.2.11.dfsg-2ubuntu1.3) ...
Processing triggers for libc-bin (2.31-0ubuntu9.2) ...
Log ended: 2022-08-05  04:41:56

Log started: 2022-08-05  04:41:57
E: Can not write log (Is /dev/pts mounted?) - posix_openpt (19: No such device)
(Reading database ... 71868 files and directories currently installed.)
Preparing to unpack .../libdrm2_2.4.107-8ubuntu1~20.04.2_amd64.deb ...
Unpacking libdrm2:amd64 (2.4.107-8ubuntu1~20.04.2) over (2.4.105-3~20.04.1) ...
Setting up libdrm2:amd64 (2.4.107-8ubuntu1~20.04.2) ...
Processing triggers for libc-bin (2.31-0ubuntu9.2) ...
Log ended: 2022-08-05  04:42:01

Log started: 2022-08-05  04:42:02
E: Can not write log (Is /dev/pts mounted?) - posix_openpt (19: No such device)
(Reading database ... 71868 files and directories currently installed.)
Preparing to unpack .../libcryptsetup12_2%3a2.2.2-3ubuntu2.4_amd64.deb ...
Unpacking libcryptsetup12:amd64 (2:2.2.2-3ubuntu2.4) over (2:2.2.2-3ubuntu2.3) ...
Setting up libcryptsetup12:amd64 (2:2.2.2-3ubuntu2.4) ...
Processing triggers for libc-bin (2.31-0ubuntu9.2) ...
Log ended: 2022-08-05  04:42:06

Log started: 2022-08-05  04:42:07
E: Can not write log (Is /dev/pts mounted?) - posix_openpt (19: No such device)
(Reading database ... 71868 files and directories currently installed.)
Preparing to unpack .../python3-twisted_18.9.0-11ubuntu0.20.04.2_all.deb ...
Unpacking python3-twisted (18.9.0-11ubuntu0.20.04.2) over (18.9.0-11ubuntu0.20.04.1) ...
Setting up python3-twisted (18.9.0-11ubuntu0.20.04.2) ...
Processing triggers for man-db (2.9.1-1) ...
Log ended: 2022-08-05  04:42:13

Log started: 2022-08-05  04:42:14
E: Can not write log (Is /dev/pts mounted?) - posix_openpt (19: No such device)
(Reading database ... 71868 files and directories currently installed.)
Preparing to unpack .../busybox-static_1%3a1.30.1-4ubuntu6.4_amd64.deb ...
Unpacking busybox-static (1:1.30.1-4ubuntu6.4) over (1:1.30.1-4ubuntu6.3) ...
Setting up busybox-static (1:1.30.1-4ubuntu6.4) ...
Processing triggers for man-db (2.9.1-1) ...
Processing triggers for initramfs-tools (0.136ubuntu6.6) ...
update-initramfs: Generating /boot/initrd.img-5.4.0-122-generic
Log ended: 2022-08-05  04:42:40

Log started: 2022-08-05  04:42:40
E: Can not write log (Is /dev/pts mounted?) - posix_openpt (19: No such device)
(Reading database ... 71868 files and directories currently installed.)
Preparing to unpack .../libuuid1_2.34-0.1ubuntu9.3_amd64.deb ...
Unpacking libuuid1:amd64 (2.34-0.1ubuntu9.3) over (2.34-0.1ubuntu9.1) ...
Setting up libuuid1:amd64 (2.34-0.1ubuntu9.3) ...
Processing triggers for libc-bin (2.31-0ubuntu9.2) ...
Log ended: 2022-08-05  04:42:45

Log started: 2022-08-05  04:42:46
E: Can not write log (Is /dev/pts mounted?) - posix_openpt (19: No such device)
(Reading database ... 71868 files and directories currently installed.)
Preparing to unpack .../libseccomp2_2.5.1-1ubuntu1~20.04.2_amd64.deb ...
Unpacking libseccomp2:amd64 (2.5.1-1ubuntu1~20.04.2) over (2.5.1-1ubuntu1~20.04.1) ...
Setting up libseccomp2:amd64 (2.5.1-1ubuntu1~20.04.2) ...
Processing triggers for libc-bin (2.31-0ubuntu9.2) ...
Log ended: 2022-08-05  04:42:50

Log started: 2022-08-05  04:42:51
E: Can not write log (Is /dev/pts mounted?) - posix_openpt (19: No such device)
(Reading database ... 71868 files and directories currently installed.)
Preparing to unpack .../dbus-user-session_1.12.16-2ubuntu2.2_amd64.deb ...
Unpacking dbus-user-session (1.12.16-2ubuntu2.2) over (1.12.16-2ubuntu2.1) ...
Setting up dbus-user-session (1.12.16-2ubuntu2.2) ...
Log ended: 2022-08-05  04:42:55

Log started: 2022-08-05  04:42:55
E: Can not write log (Is /dev/pts mounted?) - posix_openpt (19: No such device)
(Reading database ... 71868 files and directories currently installed.)
Preparing to unpack .../busybox-initramfs_1%3a1.30.1-4ubuntu6.4_amd64.deb ...
Unpacking busybox-initramfs (1:1.30.1-4ubuntu6.4) over (1:1.30.1-4ubuntu6.3) ...
Setting up busybox-initramfs (1:1.30.1-4ubuntu6.4) ...
Log ended: 2022-08-05  04:43:00

Log started: 2022-08-05  04:43:00
E: Can not write log (Is /dev/pts mounted?) - posix_openpt (19: No such device)
(Reading database ... 71868 files and directories currently installed.)
Preparing to unpack .../liblzma5_5.2.4-1ubuntu1.1_amd64.deb ...
Unpacking liblzma5:amd64 (5.2.4-1ubuntu1.1) over (5.2.4-1ubuntu1) ...
Setting up liblzma5:amd64 (5.2.4-1ubuntu1.1) ...
Processing triggers for libc-bin (2.31-0ubuntu9.2) ...
Log ended: 2022-08-05  04:43:04

Log started: 2022-08-05  04:43:05
E: Can not write log (Is /dev/pts mounted?) - posix_openpt (19: No such device)
(Reading database ... 71868 files and directories currently installed.)
Preparing to unpack .../libgnutls30_3.6.13-2ubuntu1.7_amd64.deb ...
Unpacking libgnutls30:amd64 (3.6.13-2ubuntu1.7) over (3.6.13-2ubuntu1.6) ...
Setting up libgnutls30:amd64 (3.6.13-2ubuntu1.7) ...
Processing triggers for libc-bin (2.31-0ubuntu9.2) ...
Log ended: 2022-08-05  04:43:09

Log started: 2022-08-05  04:43:09
E: Can not write log (Is /dev/pts mounted?) - posix_openpt (19: No such device)
(Reading database ... 71868 files and directories currently installed.)
Preparing to unpack .../libcurl3-gnutls_7.68.0-1ubuntu2.12_amd64.deb ...
Unpacking libcurl3-gnutls:amd64 (7.68.0-1ubuntu2.12) over (7.68.0-1ubuntu2.6) ...
Setting up libcurl3-gnutls:amd64 (7.68.0-1ubuntu2.12) ...
Processing triggers for libc-bin (2.31-0ubuntu9.2) ...
Log ended: 2022-08-05  04:43:14

Log started: 2022-08-05  04:43:14
E: Can not write log (Is /dev/pts mounted?) - posix_openpt (19: No such device)
(Reading database ... 71868 files and directories currently installed.)
Preparing to unpack .../fdisk_2.34-0.1ubuntu9.3_amd64.deb ...
Unpacking fdisk (2.34-0.1ubuntu9.3) over (2.34-0.1ubuntu9.1) ...
Setting up fdisk (2.34-0.1ubuntu9.3) ...
Processing triggers for man-db (2.9.1-1) ...
Log ended: 2022-08-05  04:43:18

Log started: 2022-08-05  04:43:19
E: Can not write log (Is /dev/pts mounted?) - posix_openpt (19: No such device)
(Reading database ... 71868 files and directories currently installed.)
Preparing to unpack .../libldap-common_2.4.49+dfsg-2ubuntu1.9_all.deb ...
Unpacking libldap-common (2.4.49+dfsg-2ubuntu1.9) over (2.4.49+dfsg-2ubuntu1.8) ...
Setting up libldap-common (2.4.49+dfsg-2ubuntu1.9) ...
Processing triggers for man-db (2.9.1-1) ...
Log ended: 2022-08-05  04:43:23

Log started: 2022-08-05  04:43:24
E: Can not write log (Is /dev/pts mounted?) - posix_openpt (19: No such device)
(Reading database ... 71868 files and directories currently installed.)
Preparing to unpack .../snapd_2.54.3+20.04.1ubuntu0.2_amd64.deb ...
/usr/sbin/policy-rc.d returned 101, not running 'stop snapd.apparmor.service snapd.autoimport.service snapd.core-fixup.service snapd.failure.service snapd.recovery-chooser-trigger.service snapd.seeded.service snapd.service snapd.snap-repair.service snapd.snap-repair.timer snapd.socket snapd.system-shutdown.service'
Unpacking snapd (2.54.3+20.04.1ubuntu0.2) over (2.49.2+20.04) ...
Running in chroot, ignoring request: daemon-reload
Setting up snapd (2.54.3+20.04.1ubuntu0.2) ...
Installing new version of config file /etc/apparmor.d/usr.lib.snapd.snap-confine.real ...
Installing new version of config file /etc/profile.d/apps-bin-path.sh ...
Running in chroot, ignoring request: daemon-reload
/usr/sbin/policy-rc.d returned 101, not running 'start snapd.apparmor.service snapd.autoimport.service snapd.core-fixup.service snapd.failure.service snapd.recovery-chooser-trigger.service snapd.seeded.service snapd.service snapd.snap-repair.service snapd.snap-repair.timer snapd.socket snapd.system-shutdown.service'
Processing triggers for man-db (2.9.1-1) ...
Processing triggers for dbus (1.12.16-2ubuntu2.2) ...
Processing triggers for mime-support (3.64ubuntu1) ...
Log ended: 2022-08-05  04:43:33

Log started: 2022-08-05  04:43:34
E: Can not write log (Is /dev/pts mounted?) - posix_openpt (19: No such device)
(Reading database ... 71870 files and directories currently installed.)
Preparing to unpack .../xz-utils_5.2.4-1ubuntu1.1_amd64.deb ...
Unpacking xz-utils (5.2.4-1ubuntu1.1) over (5.2.4-1ubuntu1) ...
Setting up xz-utils (5.2.4-1ubuntu1.1) ...
Processing triggers for man-db (2.9.1-1) ...
Log ended: 2022-08-05  04:43:38

Log started: 2022-08-05  04:43:39
E: Can not write log (Is /dev/pts mounted?) - posix_openpt (19: No such device)
(Reading database ... 71870 files and directories currently installed.)
Preparing to unpack .../libsepol1_3.0-1ubuntu0.1_amd64.deb ...
Unpacking libsepol1:amd64 (3.0-1ubuntu0.1) over (3.0-1) ...
Setting up libsepol1:amd64 (3.0-1ubuntu0.1) ...
Processing triggers for libc-bin (2.31-0ubuntu9.2) ...
Log ended: 2022-08-05  04:43:43

Log started: 2022-08-05  04:43:44
E: Can not write log (Is /dev/pts mounted?) - posix_openpt (19: No such device)
(Reading database ... 71870 files and directories currently installed.)
Preparing to unpack .../libc-bin_2.31-0ubuntu9.7_amd64.deb ...
Unpacking libc-bin (2.31-0ubuntu9.7) over (2.31-0ubuntu9.2) ...
Setting up libc-bin (2.31-0ubuntu9.7) ...
Processing triggers for man-db (2.9.1-1) ...
Log ended: 2022-08-05  04:43:48

Log started: 2022-08-05  04:43:49
E: Can not write log (Is /dev/pts mounted?) - posix_openpt (19: No such device)
(Reading database ... 71870 files and directories currently installed.)
Preparing to unpack .../rsyslog_8.2001.0-1ubuntu1.3_amd64.deb ...
Unpacking rsyslog (8.2001.0-1ubuntu1.3) over (8.2001.0-1ubuntu1.1) ...
Running in chroot, ignoring request: daemon-reload
Setting up rsyslog (8.2001.0-1ubuntu1.3) ...
The user `syslog' is already a member of `adm'.
The user `syslog' is already a member of `tty'.
Running in chroot, ignoring request: daemon-reload
Running in chroot, ignoring request.
invoke-rc.d: policy-rc.d denied execution of restart.
Running in chroot, ignoring request: daemon-reload
/usr/sbin/policy-rc.d returned 101, not running 'restart dmesg.service rsyslog.service'
Processing triggers for man-db (2.9.1-1) ...
Processing triggers for systemd (245.4-4ubuntu3.15) ...
Running in chroot, ignoring request: daemon-reload
Log ended: 2022-08-05  04:43:53

Log started: 2022-08-05  04:43:54
E: Can not write log (Is /dev/pts mounted?) - posix_openpt (19: No such device)
(Reading database ... 71870 files and directories currently installed.)
Preparing to unpack .../util-linux_2.34-0.1ubuntu9.3_amd64.deb ...
Unpacking util-linux (2.34-0.1ubuntu9.3) over (2.34-0.1ubuntu9.1) ...
Running in chroot, ignoring request: daemon-reload
Running in chroot, ignoring request: daemon-reload
Setting up util-linux (2.34-0.1ubuntu9.3) ...
Running in chroot, ignoring request: daemon-reload
/usr/sbin/policy-rc.d returned 101, not running 'restart fstrim.timer'
Running in chroot, ignoring request: daemon-reload
/usr/sbin/policy-rc.d returned 101, not running 'try-restart fstrim.service fstrim.timer'
Processing triggers for systemd (245.4-4ubuntu3.15) ...
Running in chroot, ignoring request: daemon-reload
Processing triggers for man-db (2.9.1-1) ...
Processing triggers for mime-support (3.64ubuntu1) ...
Log ended: 2022-08-05  04:43:59

